<?xml version="1.0" encoding="utf-8"?>
<CoverageSession xmlns:xsd="http://www.w3.org/2001/XMLSchema" xmlns:xsi="http://www.w3.org/2001/XMLSchema-instance" Version="4.7.922.0">
  <Summary numSequencePoints="3192" visitedSequencePoints="1955" numBranchPoints="736" visitedBranchPoints="566" sequenceCoverage="61.25" branchCoverage="76.90" maxCyclomaticComplexity="17" minCyclomaticComplexity="1" maxCrapScore="72" minCrapScore="1" visitedClasses="45" numClasses="53" visitedMethods="342" numMethods="418" />
  <Modules>
    <Module hash="3B-52-05-49-5F-0D-57-99-F2-31-1D-29-FF-91-68-80-4F-87-57-8D">
      <Summary numSequencePoints="1167" visitedSequencePoints="738" numBranchPoints="168" visitedBranchPoints="115" sequenceCoverage="63.24" branchCoverage="68.45" maxCyclomaticComplexity="17" minCyclomaticComplexity="1" maxCrapScore="30" minCrapScore="1" visitedClasses="20" numClasses="21" visitedMethods="106" numMethods="132" />
      <ModulePath>C:\Users\User\Desktop\視窗城市\HW7\hw7\MyDrawingTests\bin\Debug\fine-code-coverage\build-output\MyDrawingTests.dll</ModulePath>
      <ModuleTime>2025-01-08T15:26:51.8101361Z</ModuleTime>
      <ModuleName>MyDrawingTests</ModuleName>
      <Files>
        <File uid="1" fullPath="C:\Users\User\Desktop\視窗城市\HW7\hw7\MyDrawingTests\GUItest\MyDrawingGUITest.cs" />
        <File uid="3" fullPath="C:\Users\User\Desktop\視窗城市\HW7\hw7\MyDrawingTests\GUItest\Robot.cs" />
        <File uid="4" fullPath="C:\Users\User\Desktop\視窗城市\HW7\hw7\MyDrawingTests\Shape\LineTests.cs" />
        <File uid="5" fullPath="C:\Users\User\Desktop\視窗城市\HW7\hw7\MyDrawingTests\Model\ModelTests.cs" />
        <File uid="6" fullPath="C:\Users\User\Desktop\視窗城市\HW7\hw7\MyDrawingTests\PresentationModel\PresentationStateModelTests.cs" />
        <File uid="8" fullPath="C:\Users\User\Desktop\視窗城市\HW7\hw7\MyDrawingTests\Shape\ProcessTests.cs" />
        <File uid="9" fullPath="C:\Users\User\Desktop\視窗城市\HW7\hw7\MyDrawingTests\Shape\StartTests.cs" />
        <File uid="10" fullPath="C:\Users\User\Desktop\視窗城市\HW7\hw7\MyDrawingTests\Shape\ShapesTests.cs" />
        <File uid="11" fullPath="C:\Users\User\Desktop\視窗城市\HW7\hw7\MyDrawingTests\Shape\TerminatorTests.cs" />
        <File uid="12" fullPath="C:\Users\User\Desktop\視窗城市\HW7\hw7\MyDrawingTests\Shape\DecisionTests.cs" />
        <File uid="13" fullPath="C:\Users\User\Desktop\視窗城市\HW7\hw7\MyDrawingTests\Command\ADDCommandTests.cs" />
        <File uid="14" fullPath="C:\Users\User\Desktop\視窗城市\HW7\hw7\MyDrawingTests\Command\CommandManagerTests.cs" />
        <File uid="15" fullPath="C:\Users\User\Desktop\視窗城市\HW7\hw7\MyDrawingTests\Command\DeleteCommandTests.cs" />
        <File uid="16" fullPath="C:\Users\User\Desktop\視窗城市\HW7\hw7\MyDrawingTests\Command\DeleteLineCommandTests.cs" />
        <File uid="17" fullPath="C:\Users\User\Desktop\視窗城市\HW7\hw7\MyDrawingTests\Command\DrawCommandTests.cs" />
        <File uid="18" fullPath="C:\Users\User\Desktop\視窗城市\HW7\hw7\MyDrawingTests\Command\DrawLineCommandTests.cs" />
        <File uid="19" fullPath="C:\Users\User\Desktop\視窗城市\HW7\hw7\MyDrawingTests\Command\MoveCommandTests.cs" />
        <File uid="20" fullPath="C:\Users\User\Desktop\視窗城市\HW7\hw7\MyDrawingTests\Command\TextChangeCommandTests.cs" />
        <File uid="21" fullPath="C:\Users\User\Desktop\視窗城市\HW7\hw7\MyDrawingTests\Command\TextMoveCommandTests.cs" />
      </Files>
      <Classes>
        <Class>
          <Summary numSequencePoints="0" visitedSequencePoints="0" numBranchPoints="0" visitedBranchPoints="0" sequenceCoverage="0" branchCoverage="0" maxCyclomaticComplexity="1" minCyclomaticComplexity="1" maxCrapScore="2" minCrapScore="2" visitedClasses="0" numClasses="0" visitedMethods="0" numMethods="0" />
          <FullName>MyDrawingTests.GUItest.Tests.MyDrawingGUITest</FullName>
          <Methods>
            <Method visited="false" cyclomaticComplexity="1" nPathComplexity="0" sequenceCoverage="0" branchCoverage="0" crapScore="2" isConstructor="true" isStatic="false" isGetter="false" isSetter="false">
              <Summary numSequencePoints="0" visitedSequencePoints="0" numBranchPoints="0" visitedBranchPoints="0" sequenceCoverage="0" branchCoverage="0" maxCyclomaticComplexity="1" minCyclomaticComplexity="1" maxCrapScore="2" minCrapScore="2" visitedClasses="0" numClasses="0" visitedMethods="0" numMethods="0" />
              <MetadataToken>100663297</MetadataToken>
              <Name>System.Void MyDrawingTests.GUItest.Tests.MyDrawingGUITest::.ctor()</Name>
              <SequencePoints />
              <BranchPoints />
              <MethodPoint vc="0" uspid="1" ordinal="0" offset="0" />
            </Method>
          </Methods>
        </Class>
        <Class>
          <Summary numSequencePoints="276" visitedSequencePoints="5" numBranchPoints="9" visitedBranchPoints="1" sequenceCoverage="1.81" branchCoverage="11.11" maxCyclomaticComplexity="1" minCyclomaticComplexity="1" maxCrapScore="2" minCrapScore="1.00" visitedClasses="1" numClasses="1" visitedMethods="1" numMethods="9" />
          <FullName>MyDrawingTests.GUItest.Tests.MyDrawingGUITest/MainFormUITest</FullName>
          <Methods>
            <Method visited="true" cyclomaticComplexity="1" nPathComplexity="0" sequenceCoverage="83.33" branchCoverage="100" crapScore="1.00" isConstructor="false" isStatic="false" isGetter="false" isSetter="false">
              <Summary numSequencePoints="6" visitedSequencePoints="5" numBranchPoints="1" visitedBranchPoints="1" sequenceCoverage="83.33" branchCoverage="100" maxCyclomaticComplexity="1" minCyclomaticComplexity="1" maxCrapScore="1.00" minCrapScore="1.00" visitedClasses="0" numClasses="0" visitedMethods="1" numMethods="1" />
              <MetadataToken>100663420</MetadataToken>
              <Name>System.Void MyDrawingTests.GUItest.Tests.MyDrawingGUITest/MainFormUITest::Initialize()</Name>
              <FileRef uid="1" />
              <SequencePoints>
                <SequencePoint vc="8" uspid="2" ordinal="0" offset="0" sl="24" sc="13" el="24" ec="14" bec="0" bev="0" fileid="1" />
                <SequencePoint vc="8" uspid="3" ordinal="1" offset="1" sl="25" sc="17" el="25" ec="47" bec="0" bev="0" fileid="1" />
                <SequencePoint vc="8" uspid="4" ordinal="2" offset="7" sl="26" sc="17" el="26" ec="125" bec="0" bev="0" fileid="1" />
                <SequencePoint vc="8" uspid="5" ordinal="3" offset="33" sl="27" sc="17" el="27" ec="106" bec="0" bev="0" fileid="1" />
                <SequencePoint vc="8" uspid="6" ordinal="4" offset="82" sl="28" sc="17" el="28" ec="61" bec="0" bev="0" fileid="1" />
                <SequencePoint vc="0" uspid="7" ordinal="5" offset="104" sl="29" sc="13" el="29" ec="14" bec="0" bev="0" fileid="1" />
              </SequencePoints>
              <BranchPoints />
              <MethodPoint xsi:type="SequencePoint" vc="8" uspid="2" ordinal="0" offset="0" sl="24" sc="13" el="24" ec="14" bec="0" bev="0" fileid="1" />
            </Method>
            <Method visited="false" cyclomaticComplexity="1" nPathComplexity="0" sequenceCoverage="0" branchCoverage="0" crapScore="2" isConstructor="false" isStatic="false" isGetter="false" isSetter="false">
              <Summary numSequencePoints="25" visitedSequencePoints="0" numBranchPoints="1" visitedBranchPoints="0" sequenceCoverage="0" branchCoverage="0" maxCyclomaticComplexity="1" minCyclomaticComplexity="1" maxCrapScore="2" minCrapScore="2" visitedClasses="0" numClasses="0" visitedMethods="0" numMethods="1" />
              <MetadataToken>100663421</MetadataToken>
              <Name>System.Void MyDrawingTests.GUItest.Tests.MyDrawingGUITest/MainFormUITest::DrawingTest()</Name>
              <FileRef uid="1" />
              <SequencePoints>
                <SequencePoint vc="0" uspid="8" ordinal="0" offset="0" sl="33" sc="13" el="33" ec="14" bec="0" bev="0" fileid="1" />
                <SequencePoint vc="0" uspid="9" ordinal="1" offset="1" sl="35" sc="17" el="35" ec="46" bec="0" bev="0" fileid="1" />
                <SequencePoint vc="0" uspid="10" ordinal="2" offset="18" sl="36" sc="17" el="36" ec="49" bec="0" bev="0" fileid="1" />
                <SequencePoint vc="0" uspid="11" ordinal="3" offset="35" sl="37" sc="17" el="37" ec="44" bec="0" bev="0" fileid="1" />
                <SequencePoint vc="0" uspid="12" ordinal="4" offset="52" sl="38" sc="17" el="38" ec="43" bec="0" bev="0" fileid="1" />
                <SequencePoint vc="0" uspid="13" ordinal="5" offset="69" sl="39" sc="17" el="39" ec="53" bec="0" bev="0" fileid="1" />
                <SequencePoint vc="0" uspid="14" ordinal="6" offset="87" sl="40" sc="17" el="40" ec="58" bec="0" bev="0" fileid="1" />
                <SequencePoint vc="0" uspid="15" ordinal="7" offset="105" sl="41" sc="17" el="41" ec="56" bec="0" bev="0" fileid="1" />
                <SequencePoint vc="0" uspid="16" ordinal="8" offset="123" sl="42" sc="17" el="42" ec="55" bec="0" bev="0" fileid="1" />
                <SequencePoint vc="0" uspid="17" ordinal="9" offset="141" sl="43" sc="17" el="43" ec="51" bec="0" bev="0" fileid="1" />
                <SequencePoint vc="0" uspid="18" ordinal="10" offset="159" sl="45" sc="17" el="45" ec="44" bec="0" bev="0" fileid="1" />
                <SequencePoint vc="0" uspid="19" ordinal="11" offset="176" sl="46" sc="17" el="46" ec="63" bec="0" bev="0" fileid="1" />
                <SequencePoint vc="0" uspid="20" ordinal="12" offset="201" sl="47" sc="17" el="47" ec="49" bec="0" bev="0" fileid="1" />
                <SequencePoint vc="0" uspid="21" ordinal="13" offset="218" sl="48" sc="17" el="48" ec="64" bec="0" bev="0" fileid="1" />
                <SequencePoint vc="0" uspid="22" ordinal="14" offset="246" sl="49" sc="17" el="49" ec="47" bec="0" bev="0" fileid="1" />
                <SequencePoint vc="0" uspid="23" ordinal="15" offset="263" sl="50" sc="17" el="50" ec="64" bec="0" bev="0" fileid="1" />
                <SequencePoint vc="0" uspid="24" ordinal="16" offset="291" sl="51" sc="17" el="51" ec="46" bec="0" bev="0" fileid="1" />
                <SequencePoint vc="0" uspid="25" ordinal="17" offset="308" sl="52" sc="17" el="52" ec="65" bec="0" bev="0" fileid="1" />
                <SequencePoint vc="0" uspid="26" ordinal="18" offset="339" sl="53" sc="17" el="53" ec="43" bec="0" bev="0" fileid="1" />
                <SequencePoint vc="0" uspid="27" ordinal="19" offset="356" sl="54" sc="17" el="54" ec="62" bec="0" bev="0" fileid="1" />
                <SequencePoint vc="0" uspid="28" ordinal="20" offset="383" sl="55" sc="17" el="55" ec="43" bec="0" bev="0" fileid="1" />
                <SequencePoint vc="0" uspid="29" ordinal="21" offset="400" sl="56" sc="17" el="56" ec="63" bec="0" bev="0" fileid="1" />
                <SequencePoint vc="0" uspid="30" ordinal="22" offset="431" sl="57" sc="17" el="57" ec="68" bec="0" bev="0" fileid="1" />
                <SequencePoint vc="0" uspid="31" ordinal="23" offset="449" sl="58" sc="17" el="58" ec="35" bec="0" bev="0" fileid="1" />
                <SequencePoint vc="0" uspid="32" ordinal="24" offset="457" sl="59" sc="13" el="59" ec="14" bec="0" bev="0" fileid="1" />
              </SequencePoints>
              <BranchPoints />
              <MethodPoint xsi:type="SequencePoint" vc="0" uspid="8" ordinal="0" offset="0" sl="33" sc="13" el="33" ec="14" bec="0" bev="0" fileid="1" />
            </Method>
            <Method visited="false" cyclomaticComplexity="1" nPathComplexity="0" sequenceCoverage="0" branchCoverage="0" crapScore="2" isConstructor="false" isStatic="false" isGetter="false" isSetter="false">
              <Summary numSequencePoints="49" visitedSequencePoints="0" numBranchPoints="1" visitedBranchPoints="0" sequenceCoverage="0" branchCoverage="0" maxCyclomaticComplexity="1" minCyclomaticComplexity="1" maxCrapScore="2" minCrapScore="2" visitedClasses="0" numClasses="0" visitedMethods="0" numMethods="1" />
              <MetadataToken>100663422</MetadataToken>
              <Name>System.Void MyDrawingTests.GUItest.Tests.MyDrawingGUITest/MainFormUITest::RedoaAndUndoTest()</Name>
              <FileRef uid="1" />
              <SequencePoints>
                <SequencePoint vc="0" uspid="33" ordinal="0" offset="0" sl="63" sc="13" el="63" ec="14" bec="0" bev="0" fileid="1" />
                <SequencePoint vc="0" uspid="34" ordinal="1" offset="1" sl="64" sc="17" el="64" ec="44" bec="0" bev="0" fileid="1" />
                <SequencePoint vc="0" uspid="35" ordinal="2" offset="18" sl="65" sc="17" el="65" ec="63" bec="0" bev="0" fileid="1" />
                <SequencePoint vc="0" uspid="36" ordinal="3" offset="43" sl="66" sc="17" el="66" ec="49" bec="0" bev="0" fileid="1" />
                <SequencePoint vc="0" uspid="37" ordinal="4" offset="60" sl="67" sc="17" el="67" ec="64" bec="0" bev="0" fileid="1" />
                <SequencePoint vc="0" uspid="38" ordinal="5" offset="88" sl="68" sc="17" el="68" ec="47" bec="0" bev="0" fileid="1" />
                <SequencePoint vc="0" uspid="39" ordinal="6" offset="105" sl="69" sc="17" el="69" ec="64" bec="0" bev="0" fileid="1" />
                <SequencePoint vc="0" uspid="40" ordinal="7" offset="133" sl="70" sc="17" el="70" ec="46" bec="0" bev="0" fileid="1" />
                <SequencePoint vc="0" uspid="41" ordinal="8" offset="150" sl="71" sc="17" el="71" ec="65" bec="0" bev="0" fileid="1" />
                <SequencePoint vc="0" uspid="42" ordinal="9" offset="181" sl="72" sc="17" el="72" ec="43" bec="0" bev="0" fileid="1" />
                <SequencePoint vc="0" uspid="43" ordinal="10" offset="198" sl="73" sc="17" el="73" ec="62" bec="0" bev="0" fileid="1" />
                <SequencePoint vc="0" uspid="44" ordinal="11" offset="225" sl="74" sc="17" el="74" ec="43" bec="0" bev="0" fileid="1" />
                <SequencePoint vc="0" uspid="45" ordinal="12" offset="242" sl="75" sc="17" el="75" ec="63" bec="0" bev="0" fileid="1" />
                <SequencePoint vc="0" uspid="46" ordinal="13" offset="273" sl="76" sc="17" el="76" ec="35" bec="0" bev="0" fileid="1" />
                <SequencePoint vc="0" uspid="47" ordinal="14" offset="284" sl="77" sc="17" el="77" ec="65" bec="0" bev="0" fileid="1" />
                <SequencePoint vc="0" uspid="48" ordinal="15" offset="315" sl="78" sc="17" el="78" ec="35" bec="0" bev="0" fileid="1" />
                <SequencePoint vc="0" uspid="49" ordinal="16" offset="326" sl="79" sc="17" el="79" ec="61" bec="0" bev="0" fileid="1" />
                <SequencePoint vc="0" uspid="50" ordinal="17" offset="353" sl="80" sc="17" el="80" ec="35" bec="0" bev="0" fileid="1" />
                <SequencePoint vc="0" uspid="51" ordinal="18" offset="364" sl="81" sc="17" el="81" ec="57" bec="0" bev="0" fileid="1" />
                <SequencePoint vc="0" uspid="52" ordinal="19" offset="385" sl="82" sc="17" el="82" ec="35" bec="0" bev="0" fileid="1" />
                <SequencePoint vc="0" uspid="53" ordinal="20" offset="396" sl="83" sc="17" el="83" ec="64" bec="0" bev="0" fileid="1" />
                <SequencePoint vc="0" uspid="54" ordinal="21" offset="427" sl="84" sc="17" el="84" ec="35" bec="0" bev="0" fileid="1" />
                <SequencePoint vc="0" uspid="55" ordinal="22" offset="438" sl="85" sc="17" el="85" ec="43" bec="0" bev="0" fileid="1" />
                <SequencePoint vc="0" uspid="56" ordinal="23" offset="455" sl="86" sc="17" el="86" ec="43" bec="0" bev="0" fileid="1" />
                <SequencePoint vc="0" uspid="57" ordinal="24" offset="472" sl="87" sc="17" el="87" ec="50" bec="0" bev="0" fileid="1" />
                <SequencePoint vc="0" uspid="58" ordinal="25" offset="490" sl="88" sc="17" el="88" ec="43" bec="0" bev="0" fileid="1" />
                <SequencePoint vc="0" uspid="59" ordinal="26" offset="507" sl="89" sc="17" el="89" ec="43" bec="0" bev="0" fileid="1" />
                <SequencePoint vc="0" uspid="60" ordinal="27" offset="524" sl="90" sc="17" el="90" ec="43" bec="0" bev="0" fileid="1" />
                <SequencePoint vc="0" uspid="61" ordinal="28" offset="541" sl="91" sc="17" el="91" ec="43" bec="0" bev="0" fileid="1" />
                <SequencePoint vc="0" uspid="62" ordinal="29" offset="558" sl="92" sc="17" el="92" ec="43" bec="0" bev="0" fileid="1" />
                <SequencePoint vc="0" uspid="63" ordinal="30" offset="575" sl="93" sc="17" el="93" ec="43" bec="0" bev="0" fileid="1" />
                <SequencePoint vc="0" uspid="64" ordinal="31" offset="592" sl="94" sc="17" el="94" ec="43" bec="0" bev="0" fileid="1" />
                <SequencePoint vc="0" uspid="65" ordinal="32" offset="609" sl="95" sc="17" el="95" ec="43" bec="0" bev="0" fileid="1" />
                <SequencePoint vc="0" uspid="66" ordinal="33" offset="626" sl="96" sc="17" el="96" ec="51" bec="0" bev="0" fileid="1" />
                <SequencePoint vc="0" uspid="67" ordinal="34" offset="644" sl="97" sc="17" el="97" ec="43" bec="0" bev="0" fileid="1" />
                <SequencePoint vc="0" uspid="68" ordinal="35" offset="661" sl="98" sc="17" el="98" ec="50" bec="0" bev="0" fileid="1" />
                <SequencePoint vc="0" uspid="69" ordinal="36" offset="679" sl="99" sc="17" el="99" ec="43" bec="0" bev="0" fileid="1" />
                <SequencePoint vc="0" uspid="70" ordinal="37" offset="696" sl="100" sc="17" el="100" ec="43" bec="0" bev="0" fileid="1" />
                <SequencePoint vc="0" uspid="71" ordinal="38" offset="713" sl="101" sc="17" el="101" ec="43" bec="0" bev="0" fileid="1" />
                <SequencePoint vc="0" uspid="72" ordinal="39" offset="730" sl="102" sc="17" el="102" ec="43" bec="0" bev="0" fileid="1" />
                <SequencePoint vc="0" uspid="73" ordinal="40" offset="747" sl="103" sc="17" el="103" ec="43" bec="0" bev="0" fileid="1" />
                <SequencePoint vc="0" uspid="74" ordinal="41" offset="764" sl="104" sc="17" el="104" ec="43" bec="0" bev="0" fileid="1" />
                <SequencePoint vc="0" uspid="75" ordinal="42" offset="781" sl="105" sc="17" el="105" ec="43" bec="0" bev="0" fileid="1" />
                <SequencePoint vc="0" uspid="76" ordinal="43" offset="798" sl="106" sc="17" el="106" ec="43" bec="0" bev="0" fileid="1" />
                <SequencePoint vc="0" uspid="77" ordinal="44" offset="815" sl="107" sc="17" el="107" ec="43" bec="0" bev="0" fileid="1" />
                <SequencePoint vc="0" uspid="78" ordinal="45" offset="832" sl="108" sc="17" el="108" ec="51" bec="0" bev="0" fileid="1" />
                <SequencePoint vc="0" uspid="79" ordinal="46" offset="850" sl="109" sc="17" el="109" ec="68" bec="0" bev="0" fileid="1" />
                <SequencePoint vc="0" uspid="80" ordinal="47" offset="868" sl="110" sc="17" el="110" ec="35" bec="0" bev="0" fileid="1" />
                <SequencePoint vc="0" uspid="81" ordinal="48" offset="876" sl="111" sc="13" el="111" ec="14" bec="0" bev="0" fileid="1" />
              </SequencePoints>
              <BranchPoints />
              <MethodPoint xsi:type="SequencePoint" vc="0" uspid="33" ordinal="0" offset="0" sl="63" sc="13" el="63" ec="14" bec="0" bev="0" fileid="1" />
            </Method>
            <Method visited="false" cyclomaticComplexity="1" nPathComplexity="0" sequenceCoverage="0" branchCoverage="0" crapScore="2" isConstructor="false" isStatic="false" isGetter="false" isSetter="false">
              <Summary numSequencePoints="76" visitedSequencePoints="0" numBranchPoints="1" visitedBranchPoints="0" sequenceCoverage="0" branchCoverage="0" maxCyclomaticComplexity="1" minCyclomaticComplexity="1" maxCrapScore="2" minCrapScore="2" visitedClasses="0" numClasses="0" visitedMethods="0" numMethods="1" />
              <MetadataToken>100663423</MetadataToken>
              <Name>System.Void MyDrawingTests.GUItest.Tests.MyDrawingGUITest/MainFormUITest::DataGridViewTest()</Name>
              <FileRef uid="1" />
              <SequencePoints>
                <SequencePoint vc="0" uspid="82" ordinal="0" offset="0" sl="114" sc="13" el="114" ec="14" bec="0" bev="0" fileid="1" />
                <SequencePoint vc="0" uspid="83" ordinal="1" offset="1" sl="115" sc="17" el="115" ec="52" bec="0" bev="0" fileid="1" />
                <SequencePoint vc="0" uspid="84" ordinal="2" offset="23" sl="116" sc="17" el="116" ec="35" bec="0" bev="0" fileid="1" />
                <SequencePoint vc="0" uspid="85" ordinal="3" offset="34" sl="117" sc="17" el="117" ec="48" bec="0" bev="0" fileid="1" />
                <SequencePoint vc="0" uspid="86" ordinal="4" offset="56" sl="118" sc="17" el="118" ec="35" bec="0" bev="0" fileid="1" />
                <SequencePoint vc="0" uspid="87" ordinal="5" offset="67" sl="119" sc="17" el="119" ec="50" bec="0" bev="0" fileid="1" />
                <SequencePoint vc="0" uspid="88" ordinal="6" offset="89" sl="120" sc="17" el="120" ec="35" bec="0" bev="0" fileid="1" />
                <SequencePoint vc="0" uspid="89" ordinal="7" offset="100" sl="121" sc="17" el="121" ec="49" bec="0" bev="0" fileid="1" />
                <SequencePoint vc="0" uspid="90" ordinal="8" offset="122" sl="122" sc="17" el="122" ec="35" bec="0" bev="0" fileid="1" />
                <SequencePoint vc="0" uspid="91" ordinal="9" offset="133" sl="123" sc="17" el="123" ec="48" bec="0" bev="0" fileid="1" />
                <SequencePoint vc="0" uspid="92" ordinal="10" offset="155" sl="124" sc="17" el="124" ec="35" bec="0" bev="0" fileid="1" />
                <SequencePoint vc="0" uspid="93" ordinal="11" offset="166" sl="125" sc="17" el="125" ec="49" bec="0" bev="0" fileid="1" />
                <SequencePoint vc="0" uspid="94" ordinal="12" offset="188" sl="126" sc="17" el="126" ec="35" bec="0" bev="0" fileid="1" />
                <SequencePoint vc="0" uspid="95" ordinal="13" offset="199" sl="127" sc="17" el="127" ec="66" bec="0" bev="0" fileid="1" />
                <SequencePoint vc="0" uspid="96" ordinal="14" offset="222" sl="128" sc="17" el="128" ec="66" bec="0" bev="0" fileid="1" />
                <SequencePoint vc="0" uspid="97" ordinal="15" offset="245" sl="129" sc="17" el="129" ec="41" bec="0" bev="0" fileid="1" />
                <SequencePoint vc="0" uspid="98" ordinal="16" offset="262" sl="130" sc="17" el="130" ec="79" bec="0" bev="0" fileid="1" />
                <SequencePoint vc="0" uspid="99" ordinal="17" offset="286" sl="131" sc="17" el="131" ec="76" bec="0" bev="0" fileid="1" />
                <SequencePoint vc="0" uspid="100" ordinal="18" offset="310" sl="132" sc="17" el="132" ec="76" bec="0" bev="0" fileid="1" />
                <SequencePoint vc="0" uspid="101" ordinal="19" offset="334" sl="134" sc="17" el="134" ec="52" bec="0" bev="0" fileid="1" />
                <SequencePoint vc="0" uspid="102" ordinal="20" offset="356" sl="135" sc="17" el="135" ec="35" bec="0" bev="0" fileid="1" />
                <SequencePoint vc="0" uspid="103" ordinal="21" offset="367" sl="136" sc="17" el="136" ec="49" bec="0" bev="0" fileid="1" />
                <SequencePoint vc="0" uspid="104" ordinal="22" offset="389" sl="137" sc="17" el="137" ec="35" bec="0" bev="0" fileid="1" />
                <SequencePoint vc="0" uspid="105" ordinal="23" offset="400" sl="138" sc="17" el="138" ec="48" bec="0" bev="0" fileid="1" />
                <SequencePoint vc="0" uspid="106" ordinal="24" offset="422" sl="139" sc="17" el="139" ec="35" bec="0" bev="0" fileid="1" />
                <SequencePoint vc="0" uspid="107" ordinal="25" offset="433" sl="140" sc="17" el="140" ec="49" bec="0" bev="0" fileid="1" />
                <SequencePoint vc="0" uspid="108" ordinal="26" offset="455" sl="141" sc="17" el="141" ec="35" bec="0" bev="0" fileid="1" />
                <SequencePoint vc="0" uspid="109" ordinal="27" offset="466" sl="142" sc="17" el="142" ec="49" bec="0" bev="0" fileid="1" />
                <SequencePoint vc="0" uspid="110" ordinal="28" offset="488" sl="143" sc="17" el="143" ec="35" bec="0" bev="0" fileid="1" />
                <SequencePoint vc="0" uspid="111" ordinal="29" offset="499" sl="144" sc="17" el="144" ec="66" bec="0" bev="0" fileid="1" />
                <SequencePoint vc="0" uspid="112" ordinal="30" offset="522" sl="145" sc="17" el="145" ec="66" bec="0" bev="0" fileid="1" />
                <SequencePoint vc="0" uspid="113" ordinal="31" offset="545" sl="146" sc="17" el="146" ec="41" bec="0" bev="0" fileid="1" />
                <SequencePoint vc="0" uspid="114" ordinal="32" offset="562" sl="147" sc="17" el="147" ec="84" bec="0" bev="0" fileid="1" />
                <SequencePoint vc="0" uspid="115" ordinal="33" offset="586" sl="148" sc="17" el="148" ec="77" bec="0" bev="0" fileid="1" />
                <SequencePoint vc="0" uspid="116" ordinal="34" offset="610" sl="149" sc="17" el="149" ec="76" bec="0" bev="0" fileid="1" />
                <SequencePoint vc="0" uspid="117" ordinal="35" offset="634" sl="151" sc="17" el="151" ec="52" bec="0" bev="0" fileid="1" />
                <SequencePoint vc="0" uspid="118" ordinal="36" offset="656" sl="152" sc="17" el="152" ec="35" bec="0" bev="0" fileid="1" />
                <SequencePoint vc="0" uspid="119" ordinal="37" offset="667" sl="153" sc="17" el="153" ec="48" bec="0" bev="0" fileid="1" />
                <SequencePoint vc="0" uspid="120" ordinal="38" offset="689" sl="154" sc="17" el="154" ec="35" bec="0" bev="0" fileid="1" />
                <SequencePoint vc="0" uspid="121" ordinal="39" offset="700" sl="155" sc="17" el="155" ec="49" bec="0" bev="0" fileid="1" />
                <SequencePoint vc="0" uspid="122" ordinal="40" offset="722" sl="156" sc="17" el="156" ec="35" bec="0" bev="0" fileid="1" />
                <SequencePoint vc="0" uspid="123" ordinal="41" offset="733" sl="157" sc="17" el="157" ec="49" bec="0" bev="0" fileid="1" />
                <SequencePoint vc="0" uspid="124" ordinal="42" offset="755" sl="158" sc="17" el="158" ec="35" bec="0" bev="0" fileid="1" />
                <SequencePoint vc="0" uspid="125" ordinal="43" offset="766" sl="159" sc="17" el="159" ec="49" bec="0" bev="0" fileid="1" />
                <SequencePoint vc="0" uspid="126" ordinal="44" offset="788" sl="160" sc="17" el="160" ec="35" bec="0" bev="0" fileid="1" />
                <SequencePoint vc="0" uspid="127" ordinal="45" offset="799" sl="161" sc="17" el="161" ec="66" bec="0" bev="0" fileid="1" />
                <SequencePoint vc="0" uspid="128" ordinal="46" offset="822" sl="162" sc="17" el="162" ec="66" bec="0" bev="0" fileid="1" />
                <SequencePoint vc="0" uspid="129" ordinal="47" offset="845" sl="163" sc="17" el="163" ec="41" bec="0" bev="0" fileid="1" />
                <SequencePoint vc="0" uspid="130" ordinal="48" offset="862" sl="164" sc="17" el="164" ec="81" bec="0" bev="0" fileid="1" />
                <SequencePoint vc="0" uspid="131" ordinal="49" offset="886" sl="165" sc="17" el="165" ec="76" bec="0" bev="0" fileid="1" />
                <SequencePoint vc="0" uspid="132" ordinal="50" offset="910" sl="166" sc="17" el="166" ec="77" bec="0" bev="0" fileid="1" />
                <SequencePoint vc="0" uspid="133" ordinal="51" offset="934" sl="168" sc="17" el="168" ec="52" bec="0" bev="0" fileid="1" />
                <SequencePoint vc="0" uspid="134" ordinal="52" offset="956" sl="169" sc="17" el="169" ec="35" bec="0" bev="0" fileid="1" />
                <SequencePoint vc="0" uspid="135" ordinal="53" offset="967" sl="170" sc="17" el="170" ec="49" bec="0" bev="0" fileid="1" />
                <SequencePoint vc="0" uspid="136" ordinal="54" offset="989" sl="171" sc="17" el="171" ec="35" bec="0" bev="0" fileid="1" />
                <SequencePoint vc="0" uspid="137" ordinal="55" offset="1000" sl="172" sc="17" el="172" ec="49" bec="0" bev="0" fileid="1" />
                <SequencePoint vc="0" uspid="138" ordinal="56" offset="1022" sl="173" sc="17" el="173" ec="35" bec="0" bev="0" fileid="1" />
                <SequencePoint vc="0" uspid="139" ordinal="57" offset="1033" sl="174" sc="17" el="174" ec="49" bec="0" bev="0" fileid="1" />
                <SequencePoint vc="0" uspid="140" ordinal="58" offset="1055" sl="175" sc="17" el="175" ec="35" bec="0" bev="0" fileid="1" />
                <SequencePoint vc="0" uspid="141" ordinal="59" offset="1066" sl="176" sc="17" el="176" ec="49" bec="0" bev="0" fileid="1" />
                <SequencePoint vc="0" uspid="142" ordinal="60" offset="1088" sl="177" sc="17" el="177" ec="35" bec="0" bev="0" fileid="1" />
                <SequencePoint vc="0" uspid="143" ordinal="61" offset="1099" sl="178" sc="17" el="178" ec="66" bec="0" bev="0" fileid="1" />
                <SequencePoint vc="0" uspid="144" ordinal="62" offset="1122" sl="179" sc="17" el="179" ec="67" bec="0" bev="0" fileid="1" />
                <SequencePoint vc="0" uspid="145" ordinal="63" offset="1145" sl="180" sc="17" el="180" ec="41" bec="0" bev="0" fileid="1" />
                <SequencePoint vc="0" uspid="146" ordinal="64" offset="1162" sl="181" sc="17" el="181" ec="82" bec="0" bev="0" fileid="1" />
                <SequencePoint vc="0" uspid="147" ordinal="65" offset="1186" sl="182" sc="17" el="182" ec="77" bec="0" bev="0" fileid="1" />
                <SequencePoint vc="0" uspid="148" ordinal="66" offset="1210" sl="183" sc="17" el="183" ec="77" bec="0" bev="0" fileid="1" />
                <SequencePoint vc="0" uspid="149" ordinal="67" offset="1234" sl="185" sc="17" el="185" ec="62" bec="0" bev="0" fileid="1" />
                <SequencePoint vc="0" uspid="150" ordinal="68" offset="1257" sl="186" sc="17" el="186" ec="35" bec="0" bev="0" fileid="1" />
                <SequencePoint vc="0" uspid="151" ordinal="69" offset="1268" sl="187" sc="17" el="187" ec="62" bec="0" bev="0" fileid="1" />
                <SequencePoint vc="0" uspid="152" ordinal="70" offset="1291" sl="188" sc="17" el="188" ec="35" bec="0" bev="0" fileid="1" />
                <SequencePoint vc="0" uspid="153" ordinal="71" offset="1302" sl="189" sc="17" el="189" ec="62" bec="0" bev="0" fileid="1" />
                <SequencePoint vc="0" uspid="154" ordinal="72" offset="1325" sl="190" sc="17" el="190" ec="35" bec="0" bev="0" fileid="1" />
                <SequencePoint vc="0" uspid="155" ordinal="73" offset="1336" sl="191" sc="17" el="191" ec="62" bec="0" bev="0" fileid="1" />
                <SequencePoint vc="0" uspid="156" ordinal="74" offset="1359" sl="192" sc="17" el="192" ec="35" bec="0" bev="0" fileid="1" />
                <SequencePoint vc="0" uspid="157" ordinal="75" offset="1367" sl="193" sc="13" el="193" ec="14" bec="0" bev="0" fileid="1" />
              </SequencePoints>
              <BranchPoints />
              <MethodPoint xsi:type="SequencePoint" vc="0" uspid="82" ordinal="0" offset="0" sl="114" sc="13" el="114" ec="14" bec="0" bev="0" fileid="1" />
            </Method>
            <Method visited="false" cyclomaticComplexity="1" nPathComplexity="0" sequenceCoverage="0" branchCoverage="0" crapScore="2" isConstructor="false" isStatic="false" isGetter="false" isSetter="false">
              <Summary numSequencePoints="28" visitedSequencePoints="0" numBranchPoints="1" visitedBranchPoints="0" sequenceCoverage="0" branchCoverage="0" maxCyclomaticComplexity="1" minCyclomaticComplexity="1" maxCrapScore="2" minCrapScore="2" visitedClasses="0" numClasses="0" visitedMethods="0" numMethods="1" />
              <MetadataToken>100663424</MetadataToken>
              <Name>System.Void MyDrawingTests.GUItest.Tests.MyDrawingGUITest/MainFormUITest::MoveShape()</Name>
              <FileRef uid="1" />
              <SequencePoints>
                <SequencePoint vc="0" uspid="158" ordinal="0" offset="0" sl="197" sc="13" el="197" ec="14" bec="0" bev="0" fileid="1" />
                <SequencePoint vc="0" uspid="159" ordinal="1" offset="1" sl="198" sc="17" el="198" ec="44" bec="0" bev="0" fileid="1" />
                <SequencePoint vc="0" uspid="160" ordinal="2" offset="18" sl="199" sc="17" el="199" ec="63" bec="0" bev="0" fileid="1" />
                <SequencePoint vc="0" uspid="161" ordinal="3" offset="43" sl="200" sc="17" el="200" ec="49" bec="0" bev="0" fileid="1" />
                <SequencePoint vc="0" uspid="162" ordinal="4" offset="60" sl="201" sc="17" el="201" ec="64" bec="0" bev="0" fileid="1" />
                <SequencePoint vc="0" uspid="163" ordinal="5" offset="88" sl="202" sc="17" el="202" ec="47" bec="0" bev="0" fileid="1" />
                <SequencePoint vc="0" uspid="164" ordinal="6" offset="105" sl="203" sc="17" el="203" ec="64" bec="0" bev="0" fileid="1" />
                <SequencePoint vc="0" uspid="165" ordinal="7" offset="133" sl="204" sc="17" el="204" ec="46" bec="0" bev="0" fileid="1" />
                <SequencePoint vc="0" uspid="166" ordinal="8" offset="150" sl="205" sc="17" el="205" ec="65" bec="0" bev="0" fileid="1" />
                <SequencePoint vc="0" uspid="167" ordinal="9" offset="181" sl="206" sc="17" el="206" ec="43" bec="0" bev="0" fileid="1" />
                <SequencePoint vc="0" uspid="168" ordinal="10" offset="198" sl="207" sc="17" el="207" ec="62" bec="0" bev="0" fileid="1" />
                <SequencePoint vc="0" uspid="169" ordinal="11" offset="225" sl="208" sc="17" el="208" ec="43" bec="0" bev="0" fileid="1" />
                <SequencePoint vc="0" uspid="170" ordinal="12" offset="242" sl="209" sc="17" el="209" ec="63" bec="0" bev="0" fileid="1" />
                <SequencePoint vc="0" uspid="171" ordinal="13" offset="273" sl="210" sc="17" el="210" ec="35" bec="0" bev="0" fileid="1" />
                <SequencePoint vc="0" uspid="172" ordinal="14" offset="284" sl="211" sc="17" el="211" ec="65" bec="0" bev="0" fileid="1" />
                <SequencePoint vc="0" uspid="173" ordinal="15" offset="315" sl="212" sc="17" el="212" ec="35" bec="0" bev="0" fileid="1" />
                <SequencePoint vc="0" uspid="174" ordinal="16" offset="326" sl="213" sc="17" el="213" ec="61" bec="0" bev="0" fileid="1" />
                <SequencePoint vc="0" uspid="175" ordinal="17" offset="353" sl="214" sc="17" el="214" ec="35" bec="0" bev="0" fileid="1" />
                <SequencePoint vc="0" uspid="176" ordinal="18" offset="364" sl="215" sc="17" el="215" ec="57" bec="0" bev="0" fileid="1" />
                <SequencePoint vc="0" uspid="177" ordinal="19" offset="385" sl="216" sc="17" el="216" ec="35" bec="0" bev="0" fileid="1" />
                <SequencePoint vc="0" uspid="178" ordinal="20" offset="396" sl="217" sc="17" el="217" ec="64" bec="0" bev="0" fileid="1" />
                <SequencePoint vc="0" uspid="179" ordinal="21" offset="427" sl="218" sc="17" el="218" ec="35" bec="0" bev="0" fileid="1" />
                <SequencePoint vc="0" uspid="180" ordinal="22" offset="438" sl="219" sc="17" el="219" ec="77" bec="0" bev="0" fileid="1" />
                <SequencePoint vc="0" uspid="181" ordinal="23" offset="462" sl="220" sc="17" el="220" ec="76" bec="0" bev="0" fileid="1" />
                <SequencePoint vc="0" uspid="182" ordinal="24" offset="486" sl="221" sc="17" el="221" ec="77" bec="0" bev="0" fileid="1" />
                <SequencePoint vc="0" uspid="183" ordinal="25" offset="510" sl="222" sc="17" el="222" ec="76" bec="0" bev="0" fileid="1" />
                <SequencePoint vc="0" uspid="184" ordinal="26" offset="534" sl="223" sc="17" el="223" ec="35" bec="0" bev="0" fileid="1" />
                <SequencePoint vc="0" uspid="185" ordinal="27" offset="542" sl="224" sc="13" el="224" ec="14" bec="0" bev="0" fileid="1" />
              </SequencePoints>
              <BranchPoints />
              <MethodPoint xsi:type="SequencePoint" vc="0" uspid="158" ordinal="0" offset="0" sl="197" sc="13" el="197" ec="14" bec="0" bev="0" fileid="1" />
            </Method>
            <Method visited="false" cyclomaticComplexity="1" nPathComplexity="0" sequenceCoverage="0" branchCoverage="0" crapScore="2" isConstructor="false" isStatic="false" isGetter="false" isSetter="false">
              <Summary numSequencePoints="26" visitedSequencePoints="0" numBranchPoints="1" visitedBranchPoints="0" sequenceCoverage="0" branchCoverage="0" maxCyclomaticComplexity="1" minCyclomaticComplexity="1" maxCrapScore="2" minCrapScore="2" visitedClasses="0" numClasses="0" visitedMethods="0" numMethods="1" />
              <MetadataToken>100663425</MetadataToken>
              <Name>System.Void MyDrawingTests.GUItest.Tests.MyDrawingGUITest/MainFormUITest::MoveTextTest()</Name>
              <FileRef uid="1" />
              <SequencePoints>
                <SequencePoint vc="0" uspid="186" ordinal="0" offset="0" sl="227" sc="13" el="227" ec="14" bec="0" bev="0" fileid="1" />
                <SequencePoint vc="0" uspid="187" ordinal="1" offset="1" sl="228" sc="17" el="228" ec="52" bec="0" bev="0" fileid="1" />
                <SequencePoint vc="0" uspid="188" ordinal="2" offset="23" sl="229" sc="17" el="229" ec="35" bec="0" bev="0" fileid="1" />
                <SequencePoint vc="0" uspid="189" ordinal="3" offset="34" sl="230" sc="17" el="230" ec="48" bec="0" bev="0" fileid="1" />
                <SequencePoint vc="0" uspid="190" ordinal="4" offset="56" sl="231" sc="17" el="231" ec="35" bec="0" bev="0" fileid="1" />
                <SequencePoint vc="0" uspid="191" ordinal="5" offset="67" sl="232" sc="17" el="232" ec="50" bec="0" bev="0" fileid="1" />
                <SequencePoint vc="0" uspid="192" ordinal="6" offset="89" sl="233" sc="17" el="233" ec="35" bec="0" bev="0" fileid="1" />
                <SequencePoint vc="0" uspid="193" ordinal="7" offset="100" sl="234" sc="17" el="234" ec="49" bec="0" bev="0" fileid="1" />
                <SequencePoint vc="0" uspid="194" ordinal="8" offset="122" sl="235" sc="17" el="235" ec="35" bec="0" bev="0" fileid="1" />
                <SequencePoint vc="0" uspid="195" ordinal="9" offset="133" sl="236" sc="17" el="236" ec="48" bec="0" bev="0" fileid="1" />
                <SequencePoint vc="0" uspid="196" ordinal="10" offset="155" sl="237" sc="17" el="237" ec="35" bec="0" bev="0" fileid="1" />
                <SequencePoint vc="0" uspid="197" ordinal="11" offset="166" sl="238" sc="17" el="238" ec="49" bec="0" bev="0" fileid="1" />
                <SequencePoint vc="0" uspid="198" ordinal="12" offset="188" sl="239" sc="17" el="239" ec="35" bec="0" bev="0" fileid="1" />
                <SequencePoint vc="0" uspid="199" ordinal="13" offset="199" sl="240" sc="17" el="240" ec="66" bec="0" bev="0" fileid="1" />
                <SequencePoint vc="0" uspid="200" ordinal="14" offset="222" sl="241" sc="17" el="241" ec="66" bec="0" bev="0" fileid="1" />
                <SequencePoint vc="0" uspid="201" ordinal="15" offset="245" sl="242" sc="17" el="242" ec="41" bec="0" bev="0" fileid="1" />
                <SequencePoint vc="0" uspid="202" ordinal="16" offset="262" sl="243" sc="17" el="243" ec="49" bec="0" bev="0" fileid="1" />
                <SequencePoint vc="0" uspid="203" ordinal="17" offset="279" sl="244" sc="17" el="244" ec="64" bec="0" bev="0" fileid="1" />
                <SequencePoint vc="0" uspid="204" ordinal="18" offset="307" sl="245" sc="17" el="245" ec="47" bec="0" bev="0" fileid="1" />
                <SequencePoint vc="0" uspid="205" ordinal="19" offset="324" sl="246" sc="17" el="246" ec="64" bec="0" bev="0" fileid="1" />
                <SequencePoint vc="0" uspid="206" ordinal="20" offset="352" sl="247" sc="17" el="247" ec="46" bec="0" bev="0" fileid="1" />
                <SequencePoint vc="0" uspid="207" ordinal="21" offset="369" sl="248" sc="17" el="248" ec="65" bec="0" bev="0" fileid="1" />
                <SequencePoint vc="0" uspid="208" ordinal="22" offset="400" sl="249" sc="17" el="249" ec="62" bec="0" bev="0" fileid="1" />
                <SequencePoint vc="0" uspid="209" ordinal="23" offset="428" sl="250" sc="17" el="250" ec="77" bec="0" bev="0" fileid="1" />
                <SequencePoint vc="0" uspid="210" ordinal="24" offset="452" sl="251" sc="17" el="251" ec="35" bec="0" bev="0" fileid="1" />
                <SequencePoint vc="0" uspid="211" ordinal="25" offset="460" sl="252" sc="13" el="252" ec="14" bec="0" bev="0" fileid="1" />
              </SequencePoints>
              <BranchPoints />
              <MethodPoint xsi:type="SequencePoint" vc="0" uspid="186" ordinal="0" offset="0" sl="227" sc="13" el="227" ec="14" bec="0" bev="0" fileid="1" />
            </Method>
            <Method visited="false" cyclomaticComplexity="1" nPathComplexity="0" sequenceCoverage="0" branchCoverage="0" crapScore="2" isConstructor="false" isStatic="false" isGetter="false" isSetter="false">
              <Summary numSequencePoints="29" visitedSequencePoints="0" numBranchPoints="1" visitedBranchPoints="0" sequenceCoverage="0" branchCoverage="0" maxCyclomaticComplexity="1" minCyclomaticComplexity="1" maxCrapScore="2" minCrapScore="2" visitedClasses="0" numClasses="0" visitedMethods="0" numMethods="1" />
              <MetadataToken>100663426</MetadataToken>
              <Name>System.Void MyDrawingTests.GUItest.Tests.MyDrawingGUITest/MainFormUITest::EditTextTest()</Name>
              <FileRef uid="1" />
              <SequencePoints>
                <SequencePoint vc="0" uspid="212" ordinal="0" offset="0" sl="256" sc="13" el="256" ec="14" bec="0" bev="0" fileid="1" />
                <SequencePoint vc="0" uspid="213" ordinal="1" offset="1" sl="257" sc="17" el="257" ec="52" bec="0" bev="0" fileid="1" />
                <SequencePoint vc="0" uspid="214" ordinal="2" offset="23" sl="258" sc="17" el="258" ec="35" bec="0" bev="0" fileid="1" />
                <SequencePoint vc="0" uspid="215" ordinal="3" offset="34" sl="259" sc="17" el="259" ec="48" bec="0" bev="0" fileid="1" />
                <SequencePoint vc="0" uspid="216" ordinal="4" offset="56" sl="260" sc="17" el="260" ec="35" bec="0" bev="0" fileid="1" />
                <SequencePoint vc="0" uspid="217" ordinal="5" offset="67" sl="261" sc="17" el="261" ec="50" bec="0" bev="0" fileid="1" />
                <SequencePoint vc="0" uspid="218" ordinal="6" offset="89" sl="262" sc="17" el="262" ec="35" bec="0" bev="0" fileid="1" />
                <SequencePoint vc="0" uspid="219" ordinal="7" offset="100" sl="263" sc="17" el="263" ec="49" bec="0" bev="0" fileid="1" />
                <SequencePoint vc="0" uspid="220" ordinal="8" offset="122" sl="264" sc="17" el="264" ec="35" bec="0" bev="0" fileid="1" />
                <SequencePoint vc="0" uspid="221" ordinal="9" offset="133" sl="265" sc="17" el="265" ec="48" bec="0" bev="0" fileid="1" />
                <SequencePoint vc="0" uspid="222" ordinal="10" offset="155" sl="266" sc="17" el="266" ec="35" bec="0" bev="0" fileid="1" />
                <SequencePoint vc="0" uspid="223" ordinal="11" offset="166" sl="267" sc="17" el="267" ec="49" bec="0" bev="0" fileid="1" />
                <SequencePoint vc="0" uspid="224" ordinal="12" offset="188" sl="268" sc="17" el="268" ec="35" bec="0" bev="0" fileid="1" />
                <SequencePoint vc="0" uspid="225" ordinal="13" offset="199" sl="269" sc="17" el="269" ec="66" bec="0" bev="0" fileid="1" />
                <SequencePoint vc="0" uspid="226" ordinal="14" offset="222" sl="270" sc="17" el="270" ec="66" bec="0" bev="0" fileid="1" />
                <SequencePoint vc="0" uspid="227" ordinal="15" offset="245" sl="271" sc="17" el="271" ec="41" bec="0" bev="0" fileid="1" />
                <SequencePoint vc="0" uspid="228" ordinal="16" offset="262" sl="272" sc="17" el="272" ec="49" bec="0" bev="0" fileid="1" />
                <SequencePoint vc="0" uspid="229" ordinal="17" offset="279" sl="273" sc="17" el="273" ec="64" bec="0" bev="0" fileid="1" />
                <SequencePoint vc="0" uspid="230" ordinal="18" offset="307" sl="274" sc="17" el="274" ec="47" bec="0" bev="0" fileid="1" />
                <SequencePoint vc="0" uspid="231" ordinal="19" offset="324" sl="275" sc="17" el="275" ec="64" bec="0" bev="0" fileid="1" />
                <SequencePoint vc="0" uspid="232" ordinal="20" offset="352" sl="276" sc="17" el="276" ec="46" bec="0" bev="0" fileid="1" />
                <SequencePoint vc="0" uspid="233" ordinal="21" offset="369" sl="277" sc="17" el="277" ec="65" bec="0" bev="0" fileid="1" />
                <SequencePoint vc="0" uspid="234" ordinal="22" offset="400" sl="278" sc="17" el="278" ec="59" bec="0" bev="0" fileid="1" />
                <SequencePoint vc="0" uspid="235" ordinal="23" offset="423" sl="279" sc="17" el="279" ec="59" bec="0" bev="0" fileid="1" />
                <SequencePoint vc="0" uspid="236" ordinal="24" offset="446" sl="280" sc="17" el="280" ec="50" bec="0" bev="0" fileid="1" />
                <SequencePoint vc="0" uspid="237" ordinal="25" offset="468" sl="281" sc="17" el="281" ec="41" bec="0" bev="0" fileid="1" />
                <SequencePoint vc="0" uspid="238" ordinal="26" offset="485" sl="282" sc="17" el="282" ec="77" bec="0" bev="0" fileid="1" />
                <SequencePoint vc="0" uspid="239" ordinal="27" offset="509" sl="283" sc="17" el="283" ec="35" bec="0" bev="0" fileid="1" />
                <SequencePoint vc="0" uspid="240" ordinal="28" offset="517" sl="284" sc="13" el="284" ec="14" bec="0" bev="0" fileid="1" />
              </SequencePoints>
              <BranchPoints />
              <MethodPoint xsi:type="SequencePoint" vc="0" uspid="212" ordinal="0" offset="0" sl="256" sc="13" el="256" ec="14" bec="0" bev="0" fileid="1" />
            </Method>
            <Method visited="false" cyclomaticComplexity="1" nPathComplexity="0" sequenceCoverage="0" branchCoverage="0" crapScore="2" isConstructor="false" isStatic="false" isGetter="false" isSetter="false">
              <Summary numSequencePoints="34" visitedSequencePoints="0" numBranchPoints="1" visitedBranchPoints="0" sequenceCoverage="0" branchCoverage="0" maxCyclomaticComplexity="1" minCyclomaticComplexity="1" maxCrapScore="2" minCrapScore="2" visitedClasses="0" numClasses="0" visitedMethods="0" numMethods="1" />
              <MetadataToken>100663427</MetadataToken>
              <Name>System.Void MyDrawingTests.GUItest.Tests.MyDrawingGUITest/MainFormUITest::SaveAndLoadTest()</Name>
              <FileRef uid="1" />
              <SequencePoints>
                <SequencePoint vc="0" uspid="241" ordinal="0" offset="0" sl="290" sc="13" el="290" ec="14" bec="0" bev="0" fileid="1" />
                <SequencePoint vc="0" uspid="242" ordinal="1" offset="1" sl="291" sc="17" el="291" ec="44" bec="0" bev="0" fileid="1" />
                <SequencePoint vc="0" uspid="243" ordinal="2" offset="18" sl="292" sc="17" el="292" ec="63" bec="0" bev="0" fileid="1" />
                <SequencePoint vc="0" uspid="244" ordinal="3" offset="43" sl="293" sc="17" el="293" ec="49" bec="0" bev="0" fileid="1" />
                <SequencePoint vc="0" uspid="245" ordinal="4" offset="60" sl="294" sc="17" el="294" ec="64" bec="0" bev="0" fileid="1" />
                <SequencePoint vc="0" uspid="246" ordinal="5" offset="88" sl="295" sc="17" el="295" ec="43" bec="0" bev="0" fileid="1" />
                <SequencePoint vc="0" uspid="247" ordinal="6" offset="105" sl="296" sc="17" el="296" ec="44" bec="0" bev="0" fileid="1" />
                <SequencePoint vc="0" uspid="248" ordinal="7" offset="127" sl="297" sc="17" el="297" ec="44" bec="0" bev="0" fileid="1" />
                <SequencePoint vc="0" uspid="249" ordinal="8" offset="144" sl="298" sc="17" el="298" ec="51" bec="0" bev="0" fileid="1" />
                <SequencePoint vc="0" uspid="250" ordinal="9" offset="162" sl="299" sc="17" el="299" ec="47" bec="0" bev="0" fileid="1" />
                <SequencePoint vc="0" uspid="251" ordinal="10" offset="179" sl="300" sc="17" el="300" ec="64" bec="0" bev="0" fileid="1" />
                <SequencePoint vc="0" uspid="252" ordinal="11" offset="207" sl="301" sc="17" el="301" ec="47" bec="0" bev="0" fileid="1" />
                <SequencePoint vc="0" uspid="253" ordinal="12" offset="224" sl="302" sc="17" el="302" ec="65" bec="0" bev="0" fileid="1" />
                <SequencePoint vc="0" uspid="254" ordinal="13" offset="255" sl="303" sc="17" el="303" ec="46" bec="0" bev="0" fileid="1" />
                <SequencePoint vc="0" uspid="255" ordinal="14" offset="272" sl="304" sc="17" el="304" ec="65" bec="0" bev="0" fileid="1" />
                <SequencePoint vc="0" uspid="256" ordinal="15" offset="303" sl="305" sc="17" el="305" ec="50" bec="0" bev="0" fileid="1" />
                <SequencePoint vc="0" uspid="257" ordinal="16" offset="321" sl="306" sc="17" el="306" ec="43" bec="0" bev="0" fileid="1" />
                <SequencePoint vc="0" uspid="258" ordinal="17" offset="338" sl="307" sc="17" el="307" ec="44" bec="0" bev="0" fileid="1" />
                <SequencePoint vc="0" uspid="259" ordinal="18" offset="355" sl="308" sc="17" el="308" ec="44" bec="0" bev="0" fileid="1" />
                <SequencePoint vc="0" uspid="260" ordinal="19" offset="372" sl="309" sc="17" el="309" ec="68" bec="0" bev="0" fileid="1" />
                <SequencePoint vc="0" uspid="261" ordinal="20" offset="390" sl="311" sc="17" el="311" ec="79" bec="0" bev="0" fileid="1" />
                <SequencePoint vc="0" uspid="262" ordinal="21" offset="414" sl="312" sc="17" el="312" ec="84" bec="0" bev="0" fileid="1" />
                <SequencePoint vc="0" uspid="263" ordinal="22" offset="438" sl="313" sc="17" el="313" ec="82" bec="0" bev="0" fileid="1" />
                <SequencePoint vc="0" uspid="264" ordinal="23" offset="462" sl="314" sc="17" el="314" ec="82" bec="0" bev="0" fileid="1" />
                <SequencePoint vc="0" uspid="265" ordinal="24" offset="486" sl="316" sc="17" el="316" ec="76" bec="0" bev="0" fileid="1" />
                <SequencePoint vc="0" uspid="266" ordinal="25" offset="510" sl="317" sc="17" el="317" ec="77" bec="0" bev="0" fileid="1" />
                <SequencePoint vc="0" uspid="267" ordinal="26" offset="534" sl="318" sc="17" el="318" ec="76" bec="0" bev="0" fileid="1" />
                <SequencePoint vc="0" uspid="268" ordinal="27" offset="558" sl="319" sc="17" el="319" ec="77" bec="0" bev="0" fileid="1" />
                <SequencePoint vc="0" uspid="269" ordinal="28" offset="582" sl="322" sc="17" el="322" ec="77" bec="0" bev="0" fileid="1" />
                <SequencePoint vc="0" uspid="270" ordinal="29" offset="606" sl="323" sc="17" el="323" ec="77" bec="0" bev="0" fileid="1" />
                <SequencePoint vc="0" uspid="271" ordinal="30" offset="630" sl="324" sc="17" el="324" ec="77" bec="0" bev="0" fileid="1" />
                <SequencePoint vc="0" uspid="272" ordinal="31" offset="654" sl="325" sc="17" el="325" ec="77" bec="0" bev="0" fileid="1" />
                <SequencePoint vc="0" uspid="273" ordinal="32" offset="678" sl="326" sc="17" el="326" ec="35" bec="0" bev="0" fileid="1" />
                <SequencePoint vc="0" uspid="274" ordinal="33" offset="686" sl="327" sc="13" el="327" ec="14" bec="0" bev="0" fileid="1" />
              </SequencePoints>
              <BranchPoints />
              <MethodPoint xsi:type="SequencePoint" vc="0" uspid="241" ordinal="0" offset="0" sl="290" sc="13" el="290" ec="14" bec="0" bev="0" fileid="1" />
            </Method>
            <Method visited="false" cyclomaticComplexity="1" nPathComplexity="0" sequenceCoverage="0" branchCoverage="0" crapScore="2" isConstructor="false" isStatic="false" isGetter="false" isSetter="false">
              <Summary numSequencePoints="0" visitedSequencePoints="0" numBranchPoints="0" visitedBranchPoints="0" sequenceCoverage="0" branchCoverage="0" maxCyclomaticComplexity="1" minCyclomaticComplexity="1" maxCrapScore="2" minCrapScore="2" visitedClasses="0" numClasses="0" visitedMethods="0" numMethods="0" />
              <MetadataToken>100663428</MetadataToken>
              <Name>System.Threading.Tasks.Task MyDrawingTests.GUItest.Tests.MyDrawingGUITest/MainFormUITest::AutoSaveTest()</Name>
              <SequencePoints />
              <BranchPoints />
              <MethodPoint vc="0" uspid="275" ordinal="0" offset="0" />
            </Method>
            <Method visited="false" cyclomaticComplexity="1" nPathComplexity="0" sequenceCoverage="0" branchCoverage="0" crapScore="2" isConstructor="false" isStatic="false" isGetter="false" isSetter="false">
              <Summary numSequencePoints="3" visitedSequencePoints="0" numBranchPoints="1" visitedBranchPoints="0" sequenceCoverage="0" branchCoverage="0" maxCyclomaticComplexity="1" minCyclomaticComplexity="1" maxCrapScore="2" minCrapScore="2" visitedClasses="0" numClasses="0" visitedMethods="0" numMethods="1" />
              <MetadataToken>100663429</MetadataToken>
              <Name>System.Void MyDrawingTests.GUItest.Tests.MyDrawingGUITest/MainFormUITest::Cleanup()</Name>
              <FileRef uid="1" />
              <SequencePoints>
                <SequencePoint vc="0" uspid="276" ordinal="0" offset="0" sl="369" sc="13" el="369" ec="14" bec="0" bev="0" fileid="1" />
                <SequencePoint vc="0" uspid="277" ordinal="1" offset="1" sl="370" sc="17" el="370" ec="33" bec="0" bev="0" fileid="1" />
                <SequencePoint vc="0" uspid="278" ordinal="2" offset="13" sl="371" sc="13" el="371" ec="14" bec="0" bev="0" fileid="1" />
              </SequencePoints>
              <BranchPoints />
              <MethodPoint xsi:type="SequencePoint" vc="0" uspid="276" ordinal="0" offset="0" sl="369" sc="13" el="369" ec="14" bec="0" bev="0" fileid="1" />
            </Method>
            <Method visited="false" cyclomaticComplexity="1" nPathComplexity="0" sequenceCoverage="0" branchCoverage="0" crapScore="2" isConstructor="true" isStatic="false" isGetter="false" isSetter="false">
              <Summary numSequencePoints="0" visitedSequencePoints="0" numBranchPoints="0" visitedBranchPoints="0" sequenceCoverage="0" branchCoverage="0" maxCyclomaticComplexity="1" minCyclomaticComplexity="1" maxCrapScore="2" minCrapScore="2" visitedClasses="0" numClasses="0" visitedMethods="0" numMethods="0" />
              <MetadataToken>100663430</MetadataToken>
              <Name>System.Void MyDrawingTests.GUItest.Tests.MyDrawingGUITest/MainFormUITest::.ctor()</Name>
              <SequencePoints />
              <BranchPoints />
              <MethodPoint vc="0" uspid="279" ordinal="0" offset="0" />
            </Method>
          </Methods>
        </Class>
        <Class>
          <Summary numSequencePoints="24" visitedSequencePoints="0" numBranchPoints="5" visitedBranchPoints="0" sequenceCoverage="0" branchCoverage="0" maxCyclomaticComplexity="4" minCyclomaticComplexity="1" maxCrapScore="20" minCrapScore="2" visitedClasses="0" numClasses="1" visitedMethods="0" numMethods="1" />
          <FullName>MyDrawingTests.GUItest.Tests.MyDrawingGUITest/MainFormUITest/&lt;AutoSaveTest&gt;d__11</FullName>
          <Methods>
            <Method visited="false" cyclomaticComplexity="1" nPathComplexity="0" sequenceCoverage="0" branchCoverage="0" crapScore="2" isConstructor="true" isStatic="false" isGetter="false" isSetter="false">
              <Summary numSequencePoints="0" visitedSequencePoints="0" numBranchPoints="0" visitedBranchPoints="0" sequenceCoverage="0" branchCoverage="0" maxCyclomaticComplexity="1" minCyclomaticComplexity="1" maxCrapScore="2" minCrapScore="2" visitedClasses="0" numClasses="0" visitedMethods="0" numMethods="0" />
              <MetadataToken>100663434</MetadataToken>
              <Name>System.Void MyDrawingTests.GUItest.Tests.MyDrawingGUITest/MainFormUITest/&lt;AutoSaveTest&gt;d__11::.ctor()</Name>
              <SequencePoints />
              <BranchPoints />
              <MethodPoint vc="0" uspid="280" ordinal="0" offset="0" />
            </Method>
            <Method visited="false" cyclomaticComplexity="4" nPathComplexity="4" sequenceCoverage="0" branchCoverage="0" crapScore="20" isConstructor="false" isStatic="false" isGetter="false" isSetter="false">
              <Summary numSequencePoints="24" visitedSequencePoints="0" numBranchPoints="5" visitedBranchPoints="0" sequenceCoverage="0" branchCoverage="0" maxCyclomaticComplexity="4" minCyclomaticComplexity="4" maxCrapScore="20" minCrapScore="20" visitedClasses="0" numClasses="0" visitedMethods="0" numMethods="1" />
              <MetadataToken>100663435</MetadataToken>
              <Name>System.Void MyDrawingTests.GUItest.Tests.MyDrawingGUITest/MainFormUITest/&lt;AutoSaveTest&gt;d__11::MoveNext()</Name>
              <FileRef uid="1" />
              <SequencePoints>
                <SequencePoint vc="0" uspid="281" ordinal="0" offset="17" sl="331" sc="13" el="331" ec="14" bec="0" bev="0" fileid="1" />
                <SequencePoint vc="0" uspid="282" ordinal="1" offset="18" sl="333" sc="17" el="333" ec="73" bec="0" bev="0" fileid="1" />
                <SequencePoint vc="0" uspid="283" ordinal="2" offset="34" sl="334" sc="17" el="334" ec="54" bec="0" bev="0" fileid="1" />
                <SequencePoint vc="0" uspid="284" ordinal="3" offset="45" sl="335" sc="17" el="335" ec="72" bec="0" bev="0" fileid="1" />
                <SequencePoint vc="0" uspid="285" ordinal="4" offset="68" sl="338" sc="17" el="338" ec="51" bec="2" bev="0" fileid="1" />
                <SequencePoint vc="0" uspid="286" ordinal="5" offset="86" sl="339" sc="17" el="339" ec="18" bec="0" bev="0" fileid="1" />
                <SequencePoint vc="0" uspid="287" ordinal="6" offset="87" sl="340" sc="21" el="340" ec="59" bec="0" bev="0" fileid="1" />
                <SequencePoint vc="0" uspid="288" ordinal="7" offset="99" sl="341" sc="21" el="341" ec="63" bec="0" bev="0" fileid="1" />
                <SequencePoint vc="0" uspid="289" ordinal="8" offset="121" sl="342" sc="17" el="342" ec="18" bec="0" bev="0" fileid="1" />
                <SequencePoint vc="0" uspid="290" ordinal="9" offset="124" sl="344" sc="17" el="344" ec="18" bec="0" bev="0" fileid="1" />
                <SequencePoint vc="0" uspid="291" ordinal="10" offset="125" sl="345" sc="21" el="345" ec="63" bec="0" bev="0" fileid="1" />
                <SequencePoint vc="0" uspid="293" ordinal="12" offset="148" sl="349" sc="17" el="349" ec="44" bec="0" bev="0" fileid="1" />
                <SequencePoint vc="0" uspid="294" ordinal="13" offset="170" sl="350" sc="17" el="350" ec="63" bec="0" bev="0" fileid="1" />
                <SequencePoint vc="0" uspid="295" ordinal="14" offset="200" sl="351" sc="17" el="351" ec="49" bec="0" bev="0" fileid="1" />
                <SequencePoint vc="0" uspid="296" ordinal="15" offset="222" sl="352" sc="17" el="352" ec="64" bec="0" bev="0" fileid="1" />
                <SequencePoint vc="0" uspid="297" ordinal="16" offset="255" sl="353" sc="17" el="353" ec="47" bec="0" bev="0" fileid="1" />
                <SequencePoint vc="0" uspid="298" ordinal="17" offset="277" sl="354" sc="17" el="354" ec="64" bec="0" bev="0" fileid="1" />
                <SequencePoint vc="0" uspid="299" ordinal="18" offset="310" sl="355" sc="17" el="355" ec="47" bec="0" bev="0" fileid="1" />
                <SequencePoint vc="0" uspid="300" ordinal="19" offset="332" sl="356" sc="17" el="356" ec="65" bec="0" bev="0" fileid="1" />
                <SequencePoint vc="0" uspid="301" ordinal="20" offset="368" sl="357" sc="17" el="357" ec="46" bec="0" bev="0" fileid="1" />
                <SequencePoint vc="0" uspid="302" ordinal="21" offset="390" sl="358" sc="17" el="358" ec="65" bec="0" bev="0" fileid="1" />
                <SequencePoint vc="0" uspid="303" ordinal="22" offset="426" sl="361" sc="17" el="361" ec="45" bec="0" bev="0" fileid="1" />
                <SequencePoint vc="0" uspid="304" ordinal="23" offset="448" sl="362" sc="17" el="362" ec="41" bec="2" bev="0" fileid="1" />
                <SequencePoint vc="0" uspid="305" ordinal="24" offset="548" sl="364" sc="17" el="364" ec="80" bec="0" bev="0" fileid="1" />
              </SequencePoints>
              <BranchPoints>
                <BranchPoint vc="0" uspid="307" ordinal="0" offset="84" sl="338" path="0" offsetend="86" fileid="1" />
                <BranchPoint vc="0" uspid="308" ordinal="1" offset="84" sl="338" path="1" offsetend="124" fileid="1" />
                <BranchPoint vc="0" uspid="309" ordinal="2" offset="471" sl="362" path="0" offsetend="473" fileid="1" />
                <BranchPoint vc="0" uspid="310" ordinal="3" offset="471" sl="362" path="1" offsetend="540" fileid="1" />
              </BranchPoints>
              <MethodPoint vc="0" uspid="311" ordinal="0" offset="0" />
            </Method>
            <Method visited="false" cyclomaticComplexity="1" nPathComplexity="0" sequenceCoverage="0" branchCoverage="0" crapScore="2" isConstructor="false" isStatic="false" isGetter="false" isSetter="false">
              <Summary numSequencePoints="0" visitedSequencePoints="0" numBranchPoints="0" visitedBranchPoints="0" sequenceCoverage="0" branchCoverage="0" maxCyclomaticComplexity="1" minCyclomaticComplexity="1" maxCrapScore="2" minCrapScore="2" visitedClasses="0" numClasses="0" visitedMethods="0" numMethods="0" />
              <MetadataToken>100663436</MetadataToken>
              <Name>System.Void MyDrawingTests.GUItest.Tests.MyDrawingGUITest/MainFormUITest/&lt;AutoSaveTest&gt;d__11::SetStateMachine(System.Runtime.CompilerServices.IAsyncStateMachine)</Name>
              <SequencePoints />
              <BranchPoints />
              <MethodPoint vc="0" uspid="312" ordinal="0" offset="0" />
            </Method>
          </Methods>
        </Class>
        <Class>
          <Summary numSequencePoints="136" visitedSequencePoints="9" numBranchPoints="33" visitedBranchPoints="2" sequenceCoverage="6.62" branchCoverage="6.06" maxCyclomaticComplexity="5" minCyclomaticComplexity="1" maxCrapScore="30" minCrapScore="1.02" visitedClasses="1" numClasses="1" visitedMethods="2" numMethods="19" />
          <FullName>MyDrawingTests.GUItest.Tests.Robot</FullName>
          <Methods>
            <Method visited="true" cyclomaticComplexity="1" nPathComplexity="0" sequenceCoverage="75" branchCoverage="100" crapScore="1.02" isConstructor="true" isStatic="false" isGetter="false" isSetter="false">
              <Summary numSequencePoints="4" visitedSequencePoints="3" numBranchPoints="1" visitedBranchPoints="1" sequenceCoverage="75" branchCoverage="100" maxCyclomaticComplexity="1" minCyclomaticComplexity="1" maxCrapScore="1.02" minCrapScore="1.02" visitedClasses="0" numClasses="0" visitedMethods="1" numMethods="1" />
              <MetadataToken>100663298</MetadataToken>
              <Name>System.Void MyDrawingTests.GUItest.Tests.Robot::.ctor(System.String,System.String)</Name>
              <FileRef uid="3" />
              <SequencePoints>
                <SequencePoint vc="8" uspid="313" ordinal="0" offset="0" sl="25" sc="9" el="25" ec="56" bec="0" bev="0" fileid="3" />
                <SequencePoint vc="8" uspid="314" ordinal="1" offset="7" sl="26" sc="9" el="26" ec="10" bec="0" bev="0" fileid="3" />
                <SequencePoint vc="8" uspid="315" ordinal="2" offset="8" sl="27" sc="13" el="27" ec="50" bec="0" bev="0" fileid="3" />
                <SequencePoint vc="0" uspid="316" ordinal="3" offset="17" sl="28" sc="9" el="28" ec="10" bec="0" bev="0" fileid="3" />
              </SequencePoints>
              <BranchPoints />
              <MethodPoint xsi:type="SequencePoint" vc="8" uspid="313" ordinal="0" offset="0" sl="25" sc="9" el="25" ec="56" bec="0" bev="0" fileid="3" />
            </Method>
            <Method visited="true" cyclomaticComplexity="1" nPathComplexity="0" sequenceCoverage="66.67" branchCoverage="100" crapScore="1.04" isConstructor="false" isStatic="false" isGetter="false" isSetter="false">
              <Summary numSequencePoints="9" visitedSequencePoints="6" numBranchPoints="1" visitedBranchPoints="1" sequenceCoverage="66.67" branchCoverage="100" maxCyclomaticComplexity="1" minCyclomaticComplexity="1" maxCrapScore="1.04" minCrapScore="1.04" visitedClasses="0" numClasses="0" visitedMethods="1" numMethods="1" />
              <MetadataToken>100663299</MetadataToken>
              <Name>System.Void MyDrawingTests.GUItest.Tests.Robot::Initialize(System.String,System.String)</Name>
              <FileRef uid="3" />
              <SequencePoints>
                <SequencePoint vc="8" uspid="317" ordinal="0" offset="0" sl="32" sc="9" el="32" ec="10" bec="0" bev="0" fileid="3" />
                <SequencePoint vc="8" uspid="318" ordinal="1" offset="1" sl="33" sc="13" el="33" ec="26" bec="0" bev="0" fileid="3" />
                <SequencePoint vc="8" uspid="319" ordinal="2" offset="8" sl="34" sc="13" el="34" ec="47" bec="0" bev="0" fileid="3" />
                <SequencePoint vc="8" uspid="320" ordinal="3" offset="14" sl="35" sc="13" el="35" ec="67" bec="0" bev="0" fileid="3" />
                <SequencePoint vc="8" uspid="321" ordinal="4" offset="27" sl="36" sc="13" el="36" ec="72" bec="0" bev="0" fileid="3" />
                <SequencePoint vc="8" uspid="322" ordinal="5" offset="44" sl="38" sc="13" el="38" ec="95" bec="0" bev="0" fileid="3" />
                <SequencePoint vc="0" uspid="323" ordinal="6" offset="66" sl="39" sc="13" el="39" ec="80" bec="0" bev="0" fileid="3" />
                <SequencePoint vc="0" uspid="324" ordinal="7" offset="102" sl="40" sc="13" el="43" ec="15" bec="0" bev="0" fileid="3" />
                <SequencePoint vc="0" uspid="325" ordinal="8" offset="137" sl="44" sc="9" el="44" ec="10" bec="0" bev="0" fileid="3" />
              </SequencePoints>
              <BranchPoints />
              <MethodPoint xsi:type="SequencePoint" vc="8" uspid="317" ordinal="0" offset="0" sl="32" sc="9" el="32" ec="10" bec="0" bev="0" fileid="3" />
            </Method>
            <Method visited="false" cyclomaticComplexity="1" nPathComplexity="0" sequenceCoverage="0" branchCoverage="0" crapScore="2" isConstructor="false" isStatic="false" isGetter="false" isSetter="false">
              <Summary numSequencePoints="5" visitedSequencePoints="0" numBranchPoints="1" visitedBranchPoints="0" sequenceCoverage="0" branchCoverage="0" maxCyclomaticComplexity="1" minCyclomaticComplexity="1" maxCrapScore="2" minCrapScore="2" visitedClasses="0" numClasses="0" visitedMethods="0" numMethods="1" />
              <MetadataToken>100663300</MetadataToken>
              <Name>System.Void MyDrawingTests.GUItest.Tests.Robot::CleanUp()</Name>
              <FileRef uid="3" />
              <SequencePoints>
                <SequencePoint vc="0" uspid="326" ordinal="0" offset="0" sl="48" sc="9" el="48" ec="10" bec="0" bev="0" fileid="3" />
                <SequencePoint vc="0" uspid="327" ordinal="1" offset="1" sl="49" sc="13" el="49" ec="29" bec="0" bev="0" fileid="3" />
                <SequencePoint vc="0" uspid="328" ordinal="2" offset="14" sl="50" sc="13" el="50" ec="32" bec="0" bev="0" fileid="3" />
                <SequencePoint vc="0" uspid="329" ordinal="3" offset="26" sl="51" sc="13" el="51" ec="31" bec="0" bev="0" fileid="3" />
                <SequencePoint vc="0" uspid="330" ordinal="4" offset="38" sl="52" sc="9" el="52" ec="10" bec="0" bev="0" fileid="3" />
              </SequencePoints>
              <BranchPoints />
              <MethodPoint xsi:type="SequencePoint" vc="0" uspid="326" ordinal="0" offset="0" sl="48" sc="9" el="48" ec="10" bec="0" bev="0" fileid="3" />
            </Method>
            <Method visited="false" cyclomaticComplexity="4" nPathComplexity="2" sequenceCoverage="0" branchCoverage="0" crapScore="20" isConstructor="false" isStatic="false" isGetter="false" isSetter="false">
              <Summary numSequencePoints="22" visitedSequencePoints="0" numBranchPoints="3" visitedBranchPoints="0" sequenceCoverage="0" branchCoverage="0" maxCyclomaticComplexity="4" minCyclomaticComplexity="4" maxCrapScore="20" minCrapScore="20" visitedClasses="0" numClasses="0" visitedMethods="0" numMethods="1" />
              <MetadataToken>100663301</MetadataToken>
              <Name>System.Void MyDrawingTests.GUItest.Tests.Robot::SwitchTo(System.String)</Name>
              <FileRef uid="3" />
              <SequencePoints>
                <SequencePoint vc="0" uspid="331" ordinal="0" offset="0" sl="56" sc="9" el="56" ec="10" bec="0" bev="0" fileid="3" />
                <SequencePoint vc="0" uspid="332" ordinal="1" offset="1" sl="57" sc="13" el="57" ec="54" bec="2" bev="0" fileid="3" />
                <SequencePoint vc="0" uspid="333" ordinal="2" offset="17" sl="58" sc="13" el="58" ec="14" bec="0" bev="0" fileid="3" />
                <SequencePoint vc="0" uspid="334" ordinal="3" offset="18" sl="59" sc="17" el="59" ec="69" bec="0" bev="0" fileid="3" />
                <SequencePoint vc="0" uspid="335" ordinal="4" offset="47" sl="60" sc="13" el="60" ec="14" bec="0" bev="0" fileid="3" />
                <SequencePoint vc="0" uspid="336" ordinal="5" offset="50" sl="62" sc="13" el="62" ec="14" bec="0" bev="0" fileid="3" />
                <SequencePoint vc="0" uspid="337" ordinal="6" offset="51" sl="63" sc="17" el="63" ec="24" bec="0" bev="0" fileid="3" />
                <SequencePoint vc="0" uspid="338" ordinal="7" offset="52" sl="63" sc="46" el="63" ec="67" bec="0" bev="0" fileid="3" />
                <SequencePoint vc="0" uspid="339" ordinal="8" offset="71" sl="63" sc="26" el="63" ec="42" bec="0" bev="0" fileid="3" />
                <SequencePoint vc="0" uspid="340" ordinal="9" offset="78" sl="64" sc="17" el="64" ec="18" bec="0" bev="0" fileid="3" />
                <SequencePoint vc="0" uspid="341" ordinal="10" offset="79" sl="65" sc="21" el="65" ec="61" bec="0" bev="0" fileid="3" />
                <SequencePoint vc="0" uspid="342" ordinal="11" offset="97" sl="67" sc="21" el="67" ec="22" bec="0" bev="0" fileid="3" />
                <SequencePoint vc="0" uspid="343" ordinal="12" offset="98" sl="68" sc="25" el="68" ec="72" bec="0" bev="0" fileid="3" />
                <SequencePoint vc="0" uspid="344" ordinal="13" offset="111" sl="69" sc="25" el="69" ec="68" bec="0" bev="0" fileid="3" />
                <SequencePoint vc="0" uspid="345" ordinal="14" offset="125" sl="70" sc="25" el="70" ec="32" bec="0" bev="0" fileid="3" />
                <SequencePoint vc="0" uspid="346" ordinal="15" offset="127" sl="72" sc="21" el="72" ec="26" bec="0" bev="0" fileid="3" />
                <SequencePoint vc="0" uspid="347" ordinal="16" offset="128" sl="73" sc="21" el="73" ec="22" bec="0" bev="0" fileid="3" />
                <SequencePoint vc="0" uspid="348" ordinal="17" offset="129" sl="75" sc="21" el="75" ec="22" bec="0" bev="0" fileid="3" />
                <SequencePoint vc="0" uspid="349" ordinal="18" offset="132" sl="76" sc="17" el="76" ec="18" bec="0" bev="0" fileid="3" />
                <SequencePoint vc="0" uspid="350" ordinal="19" offset="133" sl="63" sc="43" el="63" ec="45" bec="0" bev="0" fileid="3" />
                <SequencePoint vc="0" uspid="351" ordinal="20" offset="154" sl="77" sc="13" el="77" ec="14" bec="0" bev="0" fileid="3" />
                <SequencePoint vc="0" uspid="352" ordinal="21" offset="155" sl="78" sc="9" el="78" ec="10" bec="0" bev="0" fileid="3" />
              </SequencePoints>
              <BranchPoints>
                <BranchPoint vc="0" uspid="353" ordinal="0" offset="15" sl="57" path="0" offsetend="17" fileid="3" />
                <BranchPoint vc="0" uspid="354" ordinal="1" offset="15" sl="57" path="1" offsetend="50" fileid="3" />
              </BranchPoints>
              <MethodPoint xsi:type="SequencePoint" vc="0" uspid="331" ordinal="0" offset="0" sl="56" sc="9" el="56" ec="10" bec="0" bev="0" fileid="3" />
            </Method>
            <Method visited="false" cyclomaticComplexity="1" nPathComplexity="0" sequenceCoverage="0" branchCoverage="0" crapScore="2" isConstructor="false" isStatic="false" isGetter="false" isSetter="false">
              <Summary numSequencePoints="3" visitedSequencePoints="0" numBranchPoints="1" visitedBranchPoints="0" sequenceCoverage="0" branchCoverage="0" maxCyclomaticComplexity="1" minCyclomaticComplexity="1" maxCrapScore="2" minCrapScore="2" visitedClasses="0" numClasses="0" visitedMethods="0" numMethods="1" />
              <MetadataToken>100663302</MetadataToken>
              <Name>System.Void MyDrawingTests.GUItest.Tests.Robot::Sleep(System.Double)</Name>
              <FileRef uid="3" />
              <SequencePoints>
                <SequencePoint vc="0" uspid="357" ordinal="0" offset="0" sl="82" sc="9" el="82" ec="10" bec="0" bev="0" fileid="3" />
                <SequencePoint vc="0" uspid="358" ordinal="1" offset="1" sl="83" sc="13" el="83" ec="54" bec="0" bev="0" fileid="3" />
                <SequencePoint vc="0" uspid="359" ordinal="2" offset="13" sl="84" sc="9" el="84" ec="10" bec="0" bev="0" fileid="3" />
              </SequencePoints>
              <BranchPoints />
              <MethodPoint xsi:type="SequencePoint" vc="0" uspid="357" ordinal="0" offset="0" sl="82" sc="9" el="82" ec="10" bec="0" bev="0" fileid="3" />
            </Method>
            <Method visited="false" cyclomaticComplexity="1" nPathComplexity="0" sequenceCoverage="0" branchCoverage="0" crapScore="2" isConstructor="false" isStatic="false" isGetter="false" isSetter="false">
              <Summary numSequencePoints="3" visitedSequencePoints="0" numBranchPoints="1" visitedBranchPoints="0" sequenceCoverage="0" branchCoverage="0" maxCyclomaticComplexity="1" minCyclomaticComplexity="1" maxCrapScore="2" minCrapScore="2" visitedClasses="0" numClasses="0" visitedMethods="0" numMethods="1" />
              <MetadataToken>100663303</MetadataToken>
              <Name>System.Void MyDrawingTests.GUItest.Tests.Robot::ClickButton(System.String)</Name>
              <FileRef uid="3" />
              <SequencePoints>
                <SequencePoint vc="0" uspid="360" ordinal="0" offset="0" sl="88" sc="9" el="88" ec="10" bec="0" bev="0" fileid="3" />
                <SequencePoint vc="0" uspid="361" ordinal="1" offset="1" sl="89" sc="13" el="89" ec="53" bec="0" bev="0" fileid="3" />
                <SequencePoint vc="0" uspid="362" ordinal="2" offset="19" sl="90" sc="9" el="90" ec="10" bec="0" bev="0" fileid="3" />
              </SequencePoints>
              <BranchPoints />
              <MethodPoint xsi:type="SequencePoint" vc="0" uspid="360" ordinal="0" offset="0" sl="88" sc="9" el="88" ec="10" bec="0" bev="0" fileid="3" />
            </Method>
            <Method visited="false" cyclomaticComplexity="4" nPathComplexity="2" sequenceCoverage="0" branchCoverage="0" crapScore="20" isConstructor="false" isStatic="false" isGetter="false" isSetter="false">
              <Summary numSequencePoints="11" visitedSequencePoints="0" numBranchPoints="3" visitedBranchPoints="0" sequenceCoverage="0" branchCoverage="0" maxCyclomaticComplexity="4" minCyclomaticComplexity="4" maxCrapScore="20" minCrapScore="20" visitedClasses="0" numClasses="0" visitedMethods="0" numMethods="1" />
              <MetadataToken>100663304</MetadataToken>
              <Name>System.Void MyDrawingTests.GUItest.Tests.Robot::ClickTabControl(System.String)</Name>
              <FileRef uid="3" />
              <SequencePoints>
                <SequencePoint vc="0" uspid="363" ordinal="0" offset="0" sl="94" sc="9" el="94" ec="10" bec="0" bev="0" fileid="3" />
                <SequencePoint vc="0" uspid="364" ordinal="1" offset="1" sl="95" sc="13" el="95" ec="61" bec="0" bev="0" fileid="3" />
                <SequencePoint vc="0" uspid="365" ordinal="2" offset="14" sl="96" sc="13" el="96" ec="20" bec="0" bev="0" fileid="3" />
                <SequencePoint vc="0" uspid="366" ordinal="3" offset="15" sl="96" sc="37" el="96" ec="45" bec="0" bev="0" fileid="3" />
                <SequencePoint vc="0" uspid="367" ordinal="4" offset="24" sl="96" sc="22" el="96" ec="33" bec="0" bev="0" fileid="3" />
                <SequencePoint vc="0" uspid="368" ordinal="5" offset="31" sl="97" sc="13" el="97" ec="14" bec="0" bev="0" fileid="3" />
                <SequencePoint vc="0" uspid="369" ordinal="6" offset="32" sl="98" sc="17" el="98" ec="62" bec="2" bev="0" fileid="3" />
                <SequencePoint vc="0" uspid="370" ordinal="7" offset="52" sl="99" sc="21" el="99" ec="37" bec="0" bev="0" fileid="3" />
                <SequencePoint vc="0" uspid="371" ordinal="8" offset="59" sl="100" sc="13" el="100" ec="14" bec="0" bev="0" fileid="3" />
                <SequencePoint vc="0" uspid="372" ordinal="9" offset="60" sl="96" sc="34" el="96" ec="36" bec="0" bev="0" fileid="3" />
                <SequencePoint vc="0" uspid="373" ordinal="10" offset="81" sl="101" sc="9" el="101" ec="10" bec="0" bev="0" fileid="3" />
              </SequencePoints>
              <BranchPoints>
                <BranchPoint vc="0" uspid="374" ordinal="0" offset="50" sl="98" path="0" offsetend="52" fileid="3" />
                <BranchPoint vc="0" uspid="375" ordinal="1" offset="50" sl="98" path="1" offsetend="59" fileid="3" />
              </BranchPoints>
              <MethodPoint xsi:type="SequencePoint" vc="0" uspid="363" ordinal="0" offset="0" sl="94" sc="9" el="94" ec="10" bec="0" bev="0" fileid="3" />
            </Method>
            <Method visited="false" cyclomaticComplexity="1" nPathComplexity="0" sequenceCoverage="0" branchCoverage="0" crapScore="2" isConstructor="false" isStatic="false" isGetter="false" isSetter="false">
              <Summary numSequencePoints="3" visitedSequencePoints="0" numBranchPoints="1" visitedBranchPoints="0" sequenceCoverage="0" branchCoverage="0" maxCyclomaticComplexity="1" minCyclomaticComplexity="1" maxCrapScore="2" minCrapScore="2" visitedClasses="0" numClasses="0" visitedMethods="0" numMethods="1" />
              <MetadataToken>100663305</MetadataToken>
              <Name>System.Void MyDrawingTests.GUItest.Tests.Robot::CloseWindow()</Name>
              <FileRef uid="3" />
              <SequencePoints>
                <SequencePoint vc="0" uspid="378" ordinal="0" offset="0" sl="105" sc="9" el="105" ec="10" bec="0" bev="0" fileid="3" />
                <SequencePoint vc="0" uspid="379" ordinal="1" offset="1" sl="106" sc="13" el="106" ec="40" bec="0" bev="0" fileid="3" />
                <SequencePoint vc="0" uspid="380" ordinal="2" offset="12" sl="107" sc="9" el="107" ec="10" bec="0" bev="0" fileid="3" />
              </SequencePoints>
              <BranchPoints />
              <MethodPoint xsi:type="SequencePoint" vc="0" uspid="378" ordinal="0" offset="0" sl="105" sc="9" el="105" ec="10" bec="0" bev="0" fileid="3" />
            </Method>
            <Method visited="false" cyclomaticComplexity="1" nPathComplexity="0" sequenceCoverage="0" branchCoverage="0" crapScore="2" isConstructor="false" isStatic="false" isGetter="false" isSetter="false">
              <Summary numSequencePoints="3" visitedSequencePoints="0" numBranchPoints="1" visitedBranchPoints="0" sequenceCoverage="0" branchCoverage="0" maxCyclomaticComplexity="1" minCyclomaticComplexity="1" maxCrapScore="2" minCrapScore="2" visitedClasses="0" numClasses="0" visitedMethods="0" numMethods="1" />
              <MetadataToken>100663306</MetadataToken>
              <Name>System.Void MyDrawingTests.GUItest.Tests.Robot::CloseMessageBox()</Name>
              <FileRef uid="3" />
              <SequencePoints>
                <SequencePoint vc="0" uspid="381" ordinal="0" offset="0" sl="111" sc="9" el="111" ec="10" bec="0" bev="0" fileid="3" />
                <SequencePoint vc="0" uspid="382" ordinal="1" offset="1" sl="112" sc="13" el="112" ec="53" bec="0" bev="0" fileid="3" />
                <SequencePoint vc="0" uspid="383" ordinal="2" offset="23" sl="113" sc="9" el="113" ec="10" bec="0" bev="0" fileid="3" />
              </SequencePoints>
              <BranchPoints />
              <MethodPoint xsi:type="SequencePoint" vc="0" uspid="381" ordinal="0" offset="0" sl="111" sc="9" el="111" ec="10" bec="0" bev="0" fileid="3" />
            </Method>
            <Method visited="false" cyclomaticComplexity="1" nPathComplexity="0" sequenceCoverage="0" branchCoverage="0" crapScore="2" isConstructor="false" isStatic="false" isGetter="false" isSetter="false">
[...]
                <SequencePoint vc="8" uspid="3513" ordinal="1" offset="1" sl="21" sc="13" el="21" ec="34" bec="0" bev="0" fileid="72" />
                <SequencePoint vc="8" uspid="3514" ordinal="2" offset="19" sl="22" sc="13" el="22" ec="40" bec="0" bev="0" fileid="72" />
                <SequencePoint vc="8" uspid="3515" ordinal="3" offset="31" sl="23" sc="9" el="23" ec="10" bec="0" bev="0" fileid="72" />
              </SequencePoints>
              <BranchPoints />
              <MethodPoint xsi:type="SequencePoint" vc="8" uspid="3512" ordinal="0" offset="0" sl="20" sc="9" el="20" ec="10" bec="0" bev="0" fileid="72" />
            </Method>
            <Method visited="true" cyclomaticComplexity="1" nPathComplexity="0" sequenceCoverage="100" branchCoverage="100" crapScore="1" isConstructor="false" isStatic="false" isGetter="false" isSetter="false">
              <Summary numSequencePoints="4" visitedSequencePoints="4" numBranchPoints="1" visitedBranchPoints="1" sequenceCoverage="100" branchCoverage="100" maxCyclomaticComplexity="1" minCyclomaticComplexity="1" maxCrapScore="1" minCrapScore="1" visitedClasses="0" numClasses="0" visitedMethods="1" numMethods="1" />
              <MetadataToken>100663629</MetadataToken>
              <Name>System.Void MyDrawing.Command.DrawLineCommand::UnExecute()</Name>
              <FileRef uid="72" />
              <SequencePoints>
                <SequencePoint vc="4" uspid="3516" ordinal="0" offset="0" sl="25" sc="9" el="25" ec="10" bec="0" bev="0" fileid="72" />
                <SequencePoint vc="4" uspid="3517" ordinal="1" offset="1" sl="26" sc="13" el="26" ec="58" bec="0" bev="0" fileid="72" />
                <SequencePoint vc="4" uspid="3518" ordinal="2" offset="31" sl="27" sc="13" el="27" ec="40" bec="0" bev="0" fileid="72" />
                <SequencePoint vc="4" uspid="3519" ordinal="3" offset="43" sl="28" sc="9" el="28" ec="10" bec="0" bev="0" fileid="72" />
              </SequencePoints>
              <BranchPoints />
              <MethodPoint xsi:type="SequencePoint" vc="4" uspid="3516" ordinal="0" offset="0" sl="25" sc="9" el="25" ec="10" bec="0" bev="0" fileid="72" />
            </Method>
          </Methods>
        </Class>
        <Class>
          <Summary numSequencePoints="19" visitedSequencePoints="19" numBranchPoints="3" visitedBranchPoints="3" sequenceCoverage="100" branchCoverage="100" maxCyclomaticComplexity="1" minCyclomaticComplexity="1" maxCrapScore="1" minCrapScore="1" visitedClasses="1" numClasses="1" visitedMethods="3" numMethods="3" />
          <FullName>MyDrawing.Command.MoveCommand</FullName>
          <Methods>
            <Method visited="true" cyclomaticComplexity="1" nPathComplexity="0" sequenceCoverage="100" branchCoverage="100" crapScore="1" isConstructor="true" isStatic="false" isGetter="false" isSetter="false">
              <Summary numSequencePoints="9" visitedSequencePoints="9" numBranchPoints="1" visitedBranchPoints="1" sequenceCoverage="100" branchCoverage="100" maxCyclomaticComplexity="1" minCyclomaticComplexity="1" maxCrapScore="1" minCrapScore="1" visitedClasses="0" numClasses="0" visitedMethods="1" numMethods="1" />
              <MetadataToken>100663630</MetadataToken>
              <Name>System.Void MyDrawing.Command.MoveCommand::.ctor(MyDrawing.Model,MyDrawing.IShape,System.Int32,System.Int32,System.Int32,System.Int32)</Name>
              <FileRef uid="73" />
              <SequencePoints>
                <SequencePoint vc="6" uspid="3520" ordinal="0" offset="0" sl="17" sc="9" el="17" ec="96" bec="0" bev="0" fileid="73" />
                <SequencePoint vc="6" uspid="3521" ordinal="1" offset="7" sl="18" sc="9" el="18" ec="10" bec="0" bev="0" fileid="73" />
                <SequencePoint vc="6" uspid="3522" ordinal="2" offset="8" sl="19" sc="13" el="19" ec="32" bec="0" bev="0" fileid="73" />
                <SequencePoint vc="6" uspid="3523" ordinal="3" offset="15" sl="20" sc="13" el="20" ec="33" bec="0" bev="0" fileid="73" />
                <SequencePoint vc="6" uspid="3524" ordinal="4" offset="22" sl="21" sc="13" el="21" ec="33" bec="0" bev="0" fileid="73" />
                <SequencePoint vc="6" uspid="3525" ordinal="5" offset="29" sl="22" sc="13" el="22" ec="33" bec="0" bev="0" fileid="73" />
                <SequencePoint vc="6" uspid="3526" ordinal="6" offset="37" sl="23" sc="13" el="23" ec="31" bec="0" bev="0" fileid="73" />
                <SequencePoint vc="6" uspid="3527" ordinal="7" offset="45" sl="24" sc="13" el="24" ec="31" bec="0" bev="0" fileid="73" />
                <SequencePoint vc="6" uspid="3528" ordinal="8" offset="53" sl="25" sc="9" el="25" ec="10" bec="0" bev="0" fileid="73" />
              </SequencePoints>
              <BranchPoints />
              <MethodPoint xsi:type="SequencePoint" vc="6" uspid="3520" ordinal="0" offset="0" sl="17" sc="9" el="17" ec="96" bec="0" bev="0" fileid="73" />
            </Method>
            <Method visited="true" cyclomaticComplexity="1" nPathComplexity="0" sequenceCoverage="100" branchCoverage="100" crapScore="1" isConstructor="false" isStatic="false" isGetter="false" isSetter="false">
              <Summary numSequencePoints="5" visitedSequencePoints="5" numBranchPoints="1" visitedBranchPoints="1" sequenceCoverage="100" branchCoverage="100" maxCyclomaticComplexity="1" minCyclomaticComplexity="1" maxCrapScore="1" minCrapScore="1" visitedClasses="0" numClasses="0" visitedMethods="1" numMethods="1" />
              <MetadataToken>100663631</MetadataToken>
              <Name>System.Void MyDrawing.Command.MoveCommand::Execute()</Name>
              <FileRef uid="73" />
              <SequencePoints>
                <SequencePoint vc="6" uspid="3529" ordinal="0" offset="0" sl="27" sc="9" el="27" ec="10" bec="0" bev="0" fileid="73" />
                <SequencePoint vc="6" uspid="3530" ordinal="1" offset="1" sl="28" sc="13" el="28" ec="36" bec="0" bev="0" fileid="73" />
                <SequencePoint vc="6" uspid="3531" ordinal="2" offset="19" sl="29" sc="13" el="29" ec="36" bec="0" bev="0" fileid="73" />
                <SequencePoint vc="6" uspid="3532" ordinal="3" offset="37" sl="30" sc="13" el="30" ec="40" bec="0" bev="0" fileid="73" />
                <SequencePoint vc="6" uspid="3533" ordinal="4" offset="49" sl="31" sc="9" el="31" ec="10" bec="0" bev="0" fileid="73" />
              </SequencePoints>
              <BranchPoints />
              <MethodPoint xsi:type="SequencePoint" vc="6" uspid="3529" ordinal="0" offset="0" sl="27" sc="9" el="27" ec="10" bec="0" bev="0" fileid="73" />
            </Method>
            <Method visited="true" cyclomaticComplexity="1" nPathComplexity="0" sequenceCoverage="100" branchCoverage="100" crapScore="1" isConstructor="false" isStatic="false" isGetter="false" isSetter="false">
              <Summary numSequencePoints="5" visitedSequencePoints="5" numBranchPoints="1" visitedBranchPoints="1" sequenceCoverage="100" branchCoverage="100" maxCyclomaticComplexity="1" minCyclomaticComplexity="1" maxCrapScore="1" minCrapScore="1" visitedClasses="0" numClasses="0" visitedMethods="1" numMethods="1" />
              <MetadataToken>100663632</MetadataToken>
              <Name>System.Void MyDrawing.Command.MoveCommand::UnExecute()</Name>
              <FileRef uid="73" />
              <SequencePoints>
                <SequencePoint vc="1" uspid="3534" ordinal="0" offset="0" sl="33" sc="9" el="33" ec="10" bec="0" bev="0" fileid="73" />
                <SequencePoint vc="1" uspid="3535" ordinal="1" offset="1" sl="34" sc="13" el="34" ec="37" bec="0" bev="0" fileid="73" />
                <SequencePoint vc="1" uspid="3536" ordinal="2" offset="19" sl="35" sc="13" el="35" ec="37" bec="0" bev="0" fileid="73" />
                <SequencePoint vc="1" uspid="3537" ordinal="3" offset="37" sl="36" sc="13" el="36" ec="40" bec="0" bev="0" fileid="73" />
                <SequencePoint vc="1" uspid="3538" ordinal="4" offset="49" sl="37" sc="9" el="37" ec="10" bec="0" bev="0" fileid="73" />
              </SequencePoints>
              <BranchPoints />
              <MethodPoint xsi:type="SequencePoint" vc="1" uspid="3534" ordinal="0" offset="0" sl="33" sc="9" el="33" ec="10" bec="0" bev="0" fileid="73" />
            </Method>
          </Methods>
        </Class>
        <Class>
          <Summary numSequencePoints="15" visitedSequencePoints="15" numBranchPoints="3" visitedBranchPoints="3" sequenceCoverage="100" branchCoverage="100" maxCyclomaticComplexity="1" minCyclomaticComplexity="1" maxCrapScore="1" minCrapScore="1" visitedClasses="1" numClasses="1" visitedMethods="3" numMethods="3" />
          <FullName>MyDrawing.Command.TextChangeCommand</FullName>
          <Methods>
            <Method visited="true" cyclomaticComplexity="1" nPathComplexity="0" sequenceCoverage="100" branchCoverage="100" crapScore="1" isConstructor="true" isStatic="false" isGetter="false" isSetter="false">
              <Summary numSequencePoints="7" visitedSequencePoints="7" numBranchPoints="1" visitedBranchPoints="1" sequenceCoverage="100" branchCoverage="100" maxCyclomaticComplexity="1" minCyclomaticComplexity="1" maxCrapScore="1" minCrapScore="1" visitedClasses="0" numClasses="0" visitedMethods="1" numMethods="1" />
              <MetadataToken>100663633</MetadataToken>
              <Name>System.Void MyDrawing.Command.TextChangeCommand::.ctor(MyDrawing.Model,MyDrawing.IShape,System.String,System.String)</Name>
              <FileRef uid="74" />
              <SequencePoints>
                <SequencePoint vc="2" uspid="3539" ordinal="0" offset="0" sl="16" sc="9" el="16" ec="93" bec="0" bev="0" fileid="74" />
                <SequencePoint vc="2" uspid="3540" ordinal="1" offset="7" sl="17" sc="9" el="17" ec="10" bec="0" bev="0" fileid="74" />
                <SequencePoint vc="2" uspid="3541" ordinal="2" offset="8" sl="18" sc="13" el="18" ec="32" bec="0" bev="0" fileid="74" />
                <SequencePoint vc="2" uspid="3542" ordinal="3" offset="15" sl="19" sc="13" el="19" ec="33" bec="0" bev="0" fileid="74" />
                <SequencePoint vc="2" uspid="3543" ordinal="4" offset="22" sl="20" sc="13" el="20" ec="34" bec="0" bev="0" fileid="74" />
                <SequencePoint vc="2" uspid="3544" ordinal="5" offset="29" sl="21" sc="13" el="21" ec="39" bec="0" bev="0" fileid="74" />
                <SequencePoint vc="2" uspid="3545" ordinal="6" offset="37" sl="22" sc="9" el="22" ec="10" bec="0" bev="0" fileid="74" />
              </SequencePoints>
              <BranchPoints />
              <MethodPoint xsi:type="SequencePoint" vc="2" uspid="3539" ordinal="0" offset="0" sl="16" sc="9" el="16" ec="93" bec="0" bev="0" fileid="74" />
            </Method>
            <Method visited="true" cyclomaticComplexity="1" nPathComplexity="0" sequenceCoverage="100" branchCoverage="100" crapScore="1" isConstructor="false" isStatic="false" isGetter="false" isSetter="false">
              <Summary numSequencePoints="4" visitedSequencePoints="4" numBranchPoints="1" visitedBranchPoints="1" sequenceCoverage="100" branchCoverage="100" maxCyclomaticComplexity="1" minCyclomaticComplexity="1" maxCrapScore="1" minCrapScore="1" visitedClasses="0" numClasses="0" visitedMethods="1" numMethods="1" />
              <MetadataToken>100663634</MetadataToken>
              <Name>System.Void MyDrawing.Command.TextChangeCommand::Execute()</Name>
              <FileRef uid="74" />
              <SequencePoints>
                <SequencePoint vc="2" uspid="3546" ordinal="0" offset="0" sl="24" sc="9" el="24" ec="10" bec="0" bev="0" fileid="74" />
                <SequencePoint vc="2" uspid="3547" ordinal="1" offset="1" sl="25" sc="13" el="25" ec="45" bec="0" bev="0" fileid="74" />
                <SequencePoint vc="2" uspid="3548" ordinal="2" offset="25" sl="26" sc="13" el="26" ec="40" bec="0" bev="0" fileid="74" />
                <SequencePoint vc="2" uspid="3549" ordinal="3" offset="37" sl="27" sc="9" el="27" ec="10" bec="0" bev="0" fileid="74" />
              </SequencePoints>
              <BranchPoints />
              <MethodPoint xsi:type="SequencePoint" vc="2" uspid="3546" ordinal="0" offset="0" sl="24" sc="9" el="24" ec="10" bec="0" bev="0" fileid="74" />
            </Method>
            <Method visited="true" cyclomaticComplexity="1" nPathComplexity="0" sequenceCoverage="100" branchCoverage="100" crapScore="1" isConstructor="false" isStatic="false" isGetter="false" isSetter="false">
              <Summary numSequencePoints="4" visitedSequencePoints="4" numBranchPoints="1" visitedBranchPoints="1" sequenceCoverage="100" branchCoverage="100" maxCyclomaticComplexity="1" minCyclomaticComplexity="1" maxCrapScore="1" minCrapScore="1" visitedClasses="0" numClasses="0" visitedMethods="1" numMethods="1" />
              <MetadataToken>100663635</MetadataToken>
              <Name>System.Void MyDrawing.Command.TextChangeCommand::UnExecute()</Name>
              <FileRef uid="74" />
              <SequencePoints>
                <SequencePoint vc="1" uspid="3550" ordinal="0" offset="0" sl="29" sc="9" el="29" ec="10" bec="0" bev="0" fileid="74" />
                <SequencePoint vc="1" uspid="3551" ordinal="1" offset="1" sl="30" sc="13" el="30" ec="49" bec="0" bev="0" fileid="74" />
                <SequencePoint vc="1" uspid="3552" ordinal="2" offset="25" sl="31" sc="13" el="31" ec="40" bec="0" bev="0" fileid="74" />
                <SequencePoint vc="1" uspid="3553" ordinal="3" offset="37" sl="32" sc="9" el="32" ec="10" bec="0" bev="0" fileid="74" />
              </SequencePoints>
              <BranchPoints />
              <MethodPoint xsi:type="SequencePoint" vc="1" uspid="3550" ordinal="0" offset="0" sl="29" sc="9" el="29" ec="10" bec="0" bev="0" fileid="74" />
            </Method>
          </Methods>
        </Class>
        <Class>
          <Summary numSequencePoints="19" visitedSequencePoints="19" numBranchPoints="3" visitedBranchPoints="3" sequenceCoverage="100" branchCoverage="100" maxCyclomaticComplexity="1" minCyclomaticComplexity="1" maxCrapScore="1" minCrapScore="1" visitedClasses="1" numClasses="1" visitedMethods="3" numMethods="3" />
          <FullName>MyDrawing.Command.TextMoveCommand</FullName>
          <Methods>
            <Method visited="true" cyclomaticComplexity="1" nPathComplexity="0" sequenceCoverage="100" branchCoverage="100" crapScore="1" isConstructor="true" isStatic="false" isGetter="false" isSetter="false">
              <Summary numSequencePoints="9" visitedSequencePoints="9" numBranchPoints="1" visitedBranchPoints="1" sequenceCoverage="100" branchCoverage="100" maxCyclomaticComplexity="1" minCyclomaticComplexity="1" maxCrapScore="1" minCrapScore="1" visitedClasses="0" numClasses="0" visitedMethods="1" numMethods="1" />
              <MetadataToken>100663636</MetadataToken>
              <Name>System.Void MyDrawing.Command.TextMoveCommand::.ctor(MyDrawing.Model,MyDrawing.IShape,System.Int32,System.Int32,System.Int32,System.Int32)</Name>
              <FileRef uid="75" />
              <SequencePoints>
                <SequencePoint vc="3" uspid="3554" ordinal="0" offset="0" sl="18" sc="9" el="18" ec="100" bec="0" bev="0" fileid="75" />
                <SequencePoint vc="3" uspid="3555" ordinal="1" offset="7" sl="19" sc="9" el="19" ec="10" bec="0" bev="0" fileid="75" />
                <SequencePoint vc="3" uspid="3556" ordinal="2" offset="8" sl="20" sc="13" el="20" ec="32" bec="0" bev="0" fileid="75" />
                <SequencePoint vc="3" uspid="3557" ordinal="3" offset="15" sl="21" sc="13" el="21" ec="33" bec="0" bev="0" fileid="75" />
                <SequencePoint vc="3" uspid="3558" ordinal="4" offset="22" sl="22" sc="13" el="22" ec="31" bec="0" bev="0" fileid="75" />
                <SequencePoint vc="3" uspid="3559" ordinal="5" offset="30" sl="23" sc="13" el="23" ec="31" bec="0" bev="0" fileid="75" />
                <SequencePoint vc="3" uspid="3560" ordinal="6" offset="38" sl="24" sc="13" el="24" ec="33" bec="0" bev="0" fileid="75" />
                <SequencePoint vc="3" uspid="3561" ordinal="7" offset="45" sl="25" sc="13" el="25" ec="33" bec="0" bev="0" fileid="75" />
                <SequencePoint vc="3" uspid="3562" ordinal="8" offset="53" sl="26" sc="9" el="26" ec="10" bec="0" bev="0" fileid="75" />
              </SequencePoints>
              <BranchPoints />
              <MethodPoint xsi:type="SequencePoint" vc="3" uspid="3554" ordinal="0" offset="0" sl="18" sc="9" el="18" ec="100" bec="0" bev="0" fileid="75" />
            </Method>
            <Method visited="true" cyclomaticComplexity="1" nPathComplexity="0" sequenceCoverage="100" branchCoverage="100" crapScore="1" isConstructor="false" isStatic="false" isGetter="false" isSetter="false">
              <Summary numSequencePoints="5" visitedSequencePoints="5" numBranchPoints="1" visitedBranchPoints="1" sequenceCoverage="100" branchCoverage="100" maxCyclomaticComplexity="1" minCyclomaticComplexity="1" maxCrapScore="1" minCrapScore="1" visitedClasses="0" numClasses="0" visitedMethods="1" numMethods="1" />
              <MetadataToken>100663637</MetadataToken>
              <Name>System.Void MyDrawing.Command.TextMoveCommand::Execute()</Name>
              <FileRef uid="75" />
              <SequencePoints>
                <SequencePoint vc="3" uspid="3563" ordinal="0" offset="0" sl="28" sc="9" el="28" ec="10" bec="0" bev="0" fileid="75" />
                <SequencePoint vc="3" uspid="3564" ordinal="1" offset="1" sl="29" sc="13" el="29" ec="35" bec="0" bev="0" fileid="75" />
                <SequencePoint vc="3" uspid="3565" ordinal="2" offset="19" sl="30" sc="13" el="30" ec="35" bec="0" bev="0" fileid="75" />
                <SequencePoint vc="3" uspid="3566" ordinal="3" offset="37" sl="31" sc="13" el="31" ec="40" bec="0" bev="0" fileid="75" />
                <SequencePoint vc="3" uspid="3567" ordinal="4" offset="49" sl="32" sc="9" el="32" ec="10" bec="0" bev="0" fileid="75" />
              </SequencePoints>
              <BranchPoints />
              <MethodPoint xsi:type="SequencePoint" vc="3" uspid="3563" ordinal="0" offset="0" sl="28" sc="9" el="28" ec="10" bec="0" bev="0" fileid="75" />
            </Method>
            <Method visited="true" cyclomaticComplexity="1" nPathComplexity="0" sequenceCoverage="100" branchCoverage="100" crapScore="1" isConstructor="false" isStatic="false" isGetter="false" isSetter="false">
              <Summary numSequencePoints="5" visitedSequencePoints="5" numBranchPoints="1" visitedBranchPoints="1" sequenceCoverage="100" branchCoverage="100" maxCyclomaticComplexity="1" minCyclomaticComplexity="1" maxCrapScore="1" minCrapScore="1" visitedClasses="0" numClasses="0" visitedMethods="1" numMethods="1" />
              <MetadataToken>100663638</MetadataToken>
              <Name>System.Void MyDrawing.Command.TextMoveCommand::UnExecute()</Name>
              <FileRef uid="75" />
              <SequencePoints>
                <SequencePoint vc="1" uspid="3568" ordinal="0" offset="0" sl="34" sc="9" el="34" ec="10" bec="0" bev="0" fileid="75" />
                <SequencePoint vc="1" uspid="3569" ordinal="1" offset="1" sl="35" sc="13" el="35" ec="36" bec="0" bev="0" fileid="75" />
                <SequencePoint vc="1" uspid="3570" ordinal="2" offset="19" sl="36" sc="13" el="36" ec="36" bec="0" bev="0" fileid="75" />
                <SequencePoint vc="1" uspid="3571" ordinal="3" offset="37" sl="37" sc="13" el="37" ec="40" bec="0" bev="0" fileid="75" />
                <SequencePoint vc="1" uspid="3572" ordinal="4" offset="49" sl="38" sc="9" el="38" ec="10" bec="0" bev="0" fileid="75" />
              </SequencePoints>
              <BranchPoints />
              <MethodPoint xsi:type="SequencePoint" vc="1" uspid="3568" ordinal="0" offset="0" sl="34" sc="9" el="34" ec="10" bec="0" bev="0" fileid="75" />
            </Method>
          </Methods>
        </Class>
      </Classes>
    </Module>
  </Modules>
</CoverageSession>